2024-04-29 17:06:51,459 [Worker-1: Loading available Gradle versions] INFO  o.e.b.c.i.u.g.PublishedGradleVersions - Gradle version information cache is up-to-date. Trying to read.
2024-04-29 17:10:08,943 [Worker-5: ビルド] INFO  o.e.m.c.i.l.LifecycleMappingFactory - Using org.eclipse.m2e.jdt.JarLifecycleMapping lifecycle mapping for MavenProject: vn.com.vti.bookshop:generator:0.0.1-SNAPSHOT @ C:\Users\vytra\Documents\TAKUMI\shopping web 2\generator\pom.xml.
2024-04-29 17:10:11,527 [Worker-5: ビルド] WARN  o.e.m.c.i.embedder.EclipseLogger - Using platform encoding (MS932 actually) to copy filtered resources, i.e. build is platform dependent!
2024-04-29 17:10:11,531 [Worker-5: ビルド] INFO  o.e.m.c.i.embedder.EclipseLogger - Copying 1 resource
2024-04-29 17:10:11,542 [Worker-5: ビルド] WARN  o.e.m.c.i.embedder.EclipseLogger - Using platform encoding (MS932 actually) to copy filtered resources, i.e. build is platform dependent!
2024-04-29 17:10:11,543 [Worker-5: ビルド] INFO  o.e.m.c.i.embedder.EclipseLogger - Copying 0 resource
2024-04-29 17:10:11,934 [Worker-5: ビルド] INFO  o.e.m.c.i.l.LifecycleMappingFactory - Using NULL lifecycle mapping for MavenProject: vn.com.vti.bookshop:root:0.0.1-SNAPSHOT @ C:\Users\vytra\Documents\TAKUMI\shopping web 2\root\pom.xml.
2024-04-29 17:10:12,999 [Worker-12: ビルド] WARN  o.e.m.c.i.embedder.EclipseLogger - Using platform encoding (MS932 actually) to copy filtered resources, i.e. build is platform dependent!
2024-04-29 17:10:13,003 [Worker-12: ビルド] INFO  o.e.m.c.i.embedder.EclipseLogger - Copying 1 resource
2024-04-29 17:10:13,008 [Worker-12: ビルド] WARN  o.e.m.c.i.embedder.EclipseLogger - Using platform encoding (MS932 actually) to copy filtered resources, i.e. build is platform dependent!
2024-04-29 17:10:13,009 [Worker-12: ビルド] INFO  o.e.m.c.i.embedder.EclipseLogger - Copying 0 resource
2024-04-29 17:14:31,923 [Worker-14: Maven プロジェクトのインポート中] INFO  o.e.m.c.i.l.LifecycleMappingFactory - Using org.eclipse.m2e.jdt.JarLifecycleMapping lifecycle mapping for MavenProject: vn.com.vti.bookshop:common:0.0.1-SNAPSHOT @ C:\Users\vytra\Documents\TAKUMI\shopping web 2\root\common\pom.xml.
2024-04-29 17:14:32,014 [Worker-14: Maven プロジェクトのインポート中] INFO  o.e.m.c.i.l.LifecycleMappingFactory - Using org.eclipse.m2e.jdt.JarLifecycleMapping lifecycle mapping for MavenProject: vn.com.vti.bookshop:domain:0.0.1-SNAPSHOT @ C:\Users\vytra\Documents\TAKUMI\shopping web 2\root\domain\pom.xml.
2024-04-29 17:14:32,506 [Worker-14: Maven プロジェクトのインポート中] INFO  o.e.m.c.i.p.WorkspaceClassifierResolverManager - Resolving P/common: vn.com.vti.bookshop:common:0.0.1-SNAPSHOT with classifier  to /common/target/classes
2024-04-29 17:14:32,549 [Worker-14: Maven プロジェクトのインポート中] INFO  o.e.m.c.i.l.LifecycleMappingFactory - Using org.eclipse.m2e.jdt.JarLifecycleMapping lifecycle mapping for MavenProject: vn.com.vti.bookshop:bookshop:0.0.1-SNAPSHOT @ C:\Users\vytra\Documents\TAKUMI\shopping web 2\root\bookshop\pom.xml.
2024-04-29 17:14:32,655 [Worker-14: Maven プロジェクトのインポート中] INFO  o.e.m.c.i.p.WorkspaceClassifierResolverManager - Resolving P/web-common: vn.com.vti.bookshop:web-common:0.0.1-SNAPSHOT with classifier  to /web-common/target/classes
2024-04-29 17:14:32,656 [Worker-14: Maven プロジェクトのインポート中] INFO  o.e.m.c.i.p.WorkspaceClassifierResolverManager - Resolving P/domain: vn.com.vti.bookshop:domain:0.0.1-SNAPSHOT with classifier  to /domain/target/classes
2024-04-29 17:14:32,656 [Worker-14: Maven プロジェクトのインポート中] INFO  o.e.m.c.i.p.WorkspaceClassifierResolverManager - Resolving P/common: vn.com.vti.bookshop:common:0.0.1-SNAPSHOT with classifier  to /common/target/classes
2024-04-29 17:14:32,742 [Worker-14: Maven プロジェクトのインポート中] INFO  o.e.m.c.i.l.LifecycleMappingFactory - Using org.eclipse.m2e.jdt.JarLifecycleMapping lifecycle mapping for MavenProject: vn.com.vti.bookshop:web-common:0.0.1-SNAPSHOT @ C:\Users\vytra\Documents\TAKUMI\shopping web 2\root\web-common\pom.xml.
2024-04-29 17:14:32,746 [Worker-14: Maven プロジェクトのインポート中] INFO  o.e.m.c.i.p.WorkspaceClassifierResolverManager - Resolving P/domain: vn.com.vti.bookshop:domain:0.0.1-SNAPSHOT with classifier  to /domain/target/classes
2024-04-29 17:14:32,747 [Worker-14: Maven プロジェクトのインポート中] INFO  o.e.m.c.i.p.WorkspaceClassifierResolverManager - Resolving P/common: vn.com.vti.bookshop:common:0.0.1-SNAPSHOT with classifier  to /common/target/classes
2024-04-29 17:14:32,783 [Worker-14: Maven プロジェクトのインポート中] INFO  o.e.m.c.i.l.LifecycleMappingFactory - Using org.eclipse.m2e.jdt.JarLifecycleMapping lifecycle mapping for MavenProject: vn.com.vti.bookshop:bookshop:0.0.1-SNAPSHOT @ C:\Users\vytra\Documents\TAKUMI\shopping web 2\root\bookshop\pom.xml.
2024-04-29 17:14:32,788 [Worker-14: Maven プロジェクトのインポート中] INFO  o.e.m.c.i.p.WorkspaceClassifierResolverManager - Resolving P/web-common: vn.com.vti.bookshop:web-common:0.0.1-SNAPSHOT with classifier  to /web-common/target/classes
2024-04-29 17:14:32,789 [Worker-14: Maven プロジェクトのインポート中] INFO  o.e.m.c.i.p.WorkspaceClassifierResolverManager - Resolving P/domain: vn.com.vti.bookshop:domain:0.0.1-SNAPSHOT with classifier  to /domain/target/classes
2024-04-29 17:14:32,789 [Worker-14: Maven プロジェクトのインポート中] INFO  o.e.m.c.i.p.WorkspaceClassifierResolverManager - Resolving P/common: vn.com.vti.bookshop:common:0.0.1-SNAPSHOT with classifier  to /common/target/classes
2024-04-29 17:14:34,332 [Worker-14: Maven プロジェクトのインポート中] INFO  o.e.m.j.i.AbstractJavaProjectConfigurator - Adding source folder /common/src/main/java
2024-04-29 17:14:34,332 [Worker-14: Maven プロジェクトのインポート中] INFO  o.e.m.j.i.AbstractJavaProjectConfigurator - Adding resource folder /common/src/main/resources
2024-04-29 17:14:34,333 [Worker-14: Maven プロジェクトのインポート中] INFO  o.e.m.j.i.AbstractJavaProjectConfigurator - Adding source folder /common/src/test/java
2024-04-29 17:14:34,333 [Worker-14: Maven プロジェクトのインポート中] INFO  o.e.m.j.i.AbstractJavaProjectConfigurator - Adding resource folder /common/src/test/resources
2024-04-29 17:14:34,433 [Worker-14: Maven プロジェクトのインポート中] INFO  o.e.m.j.i.AbstractJavaProjectConfigurator - Adding source folder /domain/src/main/java
2024-04-29 17:14:34,433 [Worker-14: Maven プロジェクトのインポート中] INFO  o.e.m.j.i.AbstractJavaProjectConfigurator - Adding resource folder /domain/src/main/resources
2024-04-29 17:14:34,434 [Worker-14: Maven プロジェクトのインポート中] INFO  o.e.m.j.i.AbstractJavaProjectConfigurator - Adding source folder /domain/src/test/java
2024-04-29 17:14:34,434 [Worker-14: Maven プロジェクトのインポート中] INFO  o.e.m.j.i.AbstractJavaProjectConfigurator - Adding resource folder /domain/src/test/resources
2024-04-29 17:14:34,691 [Worker-14: Maven プロジェクトのインポート中] INFO  o.e.m.j.i.AbstractJavaProjectConfigurator - Adding source folder /web-common/src/main/java
2024-04-29 17:14:34,691 [Worker-14: Maven プロジェクトのインポート中] INFO  o.e.m.j.i.AbstractJavaProjectConfigurator - Adding resource folder /web-common/src/main/resources
2024-04-29 17:14:34,691 [Worker-14: Maven プロジェクトのインポート中] INFO  o.e.m.j.i.AbstractJavaProjectConfigurator - Adding source folder /web-common/src/test/java
2024-04-29 17:14:34,691 [Worker-14: Maven プロジェクトのインポート中] INFO  o.e.m.j.i.AbstractJavaProjectConfigurator - Adding resource folder /web-common/src/test/resources
2024-04-29 17:14:34,982 [Worker-14: Maven プロジェクトのインポート中] INFO  o.e.m.j.i.AbstractJavaProjectConfigurator - Adding source folder /bookshop/src/main/java
2024-04-29 17:14:34,982 [Worker-14: Maven プロジェクトのインポート中] INFO  o.e.m.j.i.AbstractJavaProjectConfigurator - Adding resource folder /bookshop/src/main/resources
2024-04-29 17:14:34,982 [Worker-14: Maven プロジェクトのインポート中] INFO  o.e.m.j.i.AbstractJavaProjectConfigurator - Adding source folder /bookshop/src/test/java
2024-04-29 17:14:34,983 [Worker-14: Maven プロジェクトのインポート中] INFO  o.e.m.j.i.AbstractJavaProjectConfigurator - Adding resource folder /bookshop/src/test/resources
2024-04-29 17:14:35,227 [Worker-14: Maven プロジェクトのインポート中] INFO  o.e.m.c.i.p.ProjectConfigurationManager - Imported and configured 4 project(s) in 4 sec
2024-04-29 17:14:35,363 [Worker-16: Maven プロジェクトの更新中] INFO  o.e.m.c.i.p.ProjectConfigurationManager - Update started
2024-04-29 17:14:35,851 [Worker-16: Maven プロジェクトの更新中] INFO  o.e.m.c.i.l.LifecycleMappingFactory - Using org.eclipse.m2e.jdt.JarLifecycleMapping lifecycle mapping for MavenProject: vn.com.vti.bookshop:bookshop:0.0.1-SNAPSHOT @ C:\Users\vytra\Documents\TAKUMI\shopping web 2\root\bookshop\pom.xml.
2024-04-29 17:14:36,121 [Worker-16: Maven プロジェクトの更新中] INFO  o.e.m.c.i.p.WorkspaceClassifierResolverManager - Resolving P/web-common: vn.com.vti.bookshop:web-common:0.0.1-SNAPSHOT with classifier  to /web-common/target/classes
2024-04-29 17:14:36,121 [Worker-16: Maven プロジェクトの更新中] INFO  o.e.m.c.i.p.WorkspaceClassifierResolverManager - Resolving P/domain: vn.com.vti.bookshop:domain:0.0.1-SNAPSHOT with classifier  to /domain/target/classes
2024-04-29 17:14:36,121 [Worker-16: Maven プロジェクトの更新中] INFO  o.e.m.c.i.p.WorkspaceClassifierResolverManager - Resolving P/common: vn.com.vti.bookshop:common:0.0.1-SNAPSHOT with classifier  to /common/target/classes
2024-04-29 17:14:36,177 [Worker-16: Maven プロジェクトの更新中] INFO  o.e.m.c.i.l.LifecycleMappingFactory - Using org.eclipse.m2e.jdt.JarLifecycleMapping lifecycle mapping for MavenProject: vn.com.vti.bookshop:domain:0.0.1-SNAPSHOT @ C:\Users\vytra\Documents\TAKUMI\shopping web 2\root\domain\pom.xml.
2024-04-29 17:14:36,194 [Worker-16: Maven プロジェクトの更新中] INFO  o.e.m.c.i.p.WorkspaceClassifierResolverManager - Resolving P/common: vn.com.vti.bookshop:common:0.0.1-SNAPSHOT with classifier  to /common/target/classes
2024-04-29 17:14:36,248 [Worker-16: Maven プロジェクトの更新中] INFO  o.e.m.c.i.l.LifecycleMappingFactory - Using org.eclipse.m2e.jdt.JarLifecycleMapping lifecycle mapping for MavenProject: vn.com.vti.bookshop:web-common:0.0.1-SNAPSHOT @ C:\Users\vytra\Documents\TAKUMI\shopping web 2\root\web-common\pom.xml.
2024-04-29 17:14:36,255 [Worker-16: Maven プロジェクトの更新中] INFO  o.e.m.c.i.p.WorkspaceClassifierResolverManager - Resolving P/domain: vn.com.vti.bookshop:domain:0.0.1-SNAPSHOT with classifier  to /domain/target/classes
2024-04-29 17:14:36,255 [Worker-16: Maven プロジェクトの更新中] INFO  o.e.m.c.i.p.WorkspaceClassifierResolverManager - Resolving P/common: vn.com.vti.bookshop:common:0.0.1-SNAPSHOT with classifier  to /common/target/classes
2024-04-29 17:14:36,741 [Worker-16: Maven プロジェクトの更新中] INFO  o.e.m.j.i.AbstractJavaProjectConfigurator - Adding source folder /bookshop/src/main/java
2024-04-29 17:14:36,741 [Worker-16: Maven プロジェクトの更新中] INFO  o.e.m.j.i.AbstractJavaProjectConfigurator - Adding resource folder /bookshop/src/main/resources
2024-04-29 17:14:36,742 [Worker-16: Maven プロジェクトの更新中] INFO  o.e.m.j.i.AbstractJavaProjectConfigurator - Adding source folder /bookshop/src/test/java
2024-04-29 17:14:36,742 [Worker-16: Maven プロジェクトの更新中] INFO  o.e.m.j.i.AbstractJavaProjectConfigurator - Adding resource folder /bookshop/src/test/resources
2024-04-29 17:14:36,994 [Worker-16: Maven プロジェクトの更新中] INFO  o.e.m.j.i.AbstractJavaProjectConfigurator - Adding source folder /domain/src/main/java
2024-04-29 17:14:36,994 [Worker-16: Maven プロジェクトの更新中] INFO  o.e.m.j.i.AbstractJavaProjectConfigurator - Adding resource folder /domain/src/main/resources
2024-04-29 17:14:36,995 [Worker-16: Maven プロジェクトの更新中] INFO  o.e.m.j.i.AbstractJavaProjectConfigurator - Adding source folder /domain/src/test/java
2024-04-29 17:14:36,995 [Worker-16: Maven プロジェクトの更新中] INFO  o.e.m.j.i.AbstractJavaProjectConfigurator - Adding resource folder /domain/src/test/resources
2024-04-29 17:14:37,183 [Worker-16: Maven プロジェクトの更新中] INFO  o.e.m.j.i.AbstractJavaProjectConfigurator - Adding source folder /web-common/src/main/java
2024-04-29 17:14:37,184 [Worker-16: Maven プロジェクトの更新中] INFO  o.e.m.j.i.AbstractJavaProjectConfigurator - Adding resource folder /web-common/src/main/resources
2024-04-29 17:14:37,184 [Worker-16: Maven プロジェクトの更新中] INFO  o.e.m.j.i.AbstractJavaProjectConfigurator - Adding source folder /web-common/src/test/java
2024-04-29 17:14:37,185 [Worker-16: Maven プロジェクトの更新中] INFO  o.e.m.j.i.AbstractJavaProjectConfigurator - Adding resource folder /web-common/src/test/resources
2024-04-29 17:14:37,555 [Worker-16: Maven プロジェクトの更新中] INFO  o.e.m.c.i.p.ProjectConfigurationManager - Update completed for 3 poms: local refresh takes 0.00 sec, refresh facades takes 1.00 sec, update config takes 0.00 sec 
2024-04-29 17:14:37,682 [Worker-0: ビルド] INFO  o.e.m.c.i.embedder.EclipseLogger - Using 'UTF-8' encoding to copy filtered resources.
2024-04-29 17:14:37,683 [Worker-0: ビルド] INFO  o.e.m.c.i.embedder.EclipseLogger - Copying 0 resource
2024-04-29 17:14:37,686 [Worker-0: ビルド] INFO  o.e.m.c.i.embedder.EclipseLogger - Using 'UTF-8' encoding to copy filtered resources.
2024-04-29 17:14:37,686 [Worker-0: ビルド] INFO  o.e.m.c.i.embedder.EclipseLogger - Copying 0 resource
2024-04-29 17:14:39,789 [Worker-0: ビルド] INFO  o.e.m.c.i.embedder.EclipseLogger - Using 'UTF-8' encoding to copy filtered resources.
2024-04-29 17:14:39,789 [Worker-0: ビルド] INFO  o.e.m.c.i.embedder.EclipseLogger - Copying 0 resource
2024-04-29 17:14:39,792 [Worker-0: ビルド] INFO  o.e.m.c.i.embedder.EclipseLogger - Using 'UTF-8' encoding to copy filtered resources.
2024-04-29 17:14:39,792 [Worker-0: ビルド] INFO  o.e.m.c.i.embedder.EclipseLogger - Copying 1 resource
2024-04-29 17:14:39,839 [Worker-0: ビルド] INFO  o.e.m.c.i.embedder.EclipseLogger - Using 'UTF-8' encoding to copy filtered resources.
2024-04-29 17:14:39,839 [Worker-0: ビルド] INFO  o.e.m.c.i.embedder.EclipseLogger - Copying 0 resource
2024-04-29 17:14:39,841 [Worker-0: ビルド] INFO  o.e.m.c.i.embedder.EclipseLogger - Using 'UTF-8' encoding to copy filtered resources.
2024-04-29 17:14:39,842 [Worker-0: ビルド] INFO  o.e.m.c.i.embedder.EclipseLogger - Copying 0 resource
2024-04-29 17:14:40,029 [Worker-0: ビルド] INFO  o.e.m.c.i.embedder.EclipseLogger - Using 'UTF-8' encoding to copy filtered resources.
2024-04-29 17:14:40,030 [Worker-0: ビルド] INFO  o.e.m.c.i.embedder.EclipseLogger - Copying 2 resources
2024-04-29 17:14:40,046 [Worker-0: ビルド] INFO  o.e.m.c.i.embedder.EclipseLogger - Using 'UTF-8' encoding to copy filtered resources.
2024-04-29 17:14:40,047 [Worker-0: ビルド] INFO  o.e.m.c.i.embedder.EclipseLogger - Copying 1 resource
2024-04-29 17:18:57,885 [Worker-21: ビルド] INFO  o.e.m.c.i.embedder.EclipseLogger - Using 'UTF-8' encoding to copy filtered resources.
2024-04-29 17:18:57,887 [Worker-21: ビルド] INFO  o.e.m.c.i.embedder.EclipseLogger - Copying 1 resource
2024-04-29 17:18:57,890 [Worker-21: ビルド] INFO  o.e.m.c.i.embedder.EclipseLogger - Using 'UTF-8' encoding to copy filtered resources.
2024-04-29 17:18:57,890 [Worker-21: ビルド] INFO  o.e.m.c.i.embedder.EclipseLogger - Copying 0 resource
2024-04-29 17:19:39,022 [Worker-17: bookshop - App の起動] INFO  o.e.m.c.i.p.WorkspaceClassifierResolverManager - Resolving P/web-common: vn.com.vti.bookshop:web-common:0.0.1-SNAPSHOT with classifier null to /web-common/target/classes
2024-04-29 17:19:39,023 [Worker-17: bookshop - App の起動] INFO  o.e.m.c.i.p.WorkspaceClassifierResolverManager - Resolving P/domain: vn.com.vti.bookshop:domain:0.0.1-SNAPSHOT with classifier null to /domain/target/classes
2024-04-29 17:19:39,024 [Worker-17: bookshop - App の起動] INFO  o.e.m.c.i.p.WorkspaceClassifierResolverManager - Resolving P/common: vn.com.vti.bookshop:common:0.0.1-SNAPSHOT with classifier null to /common/target/classes
2024-04-29 17:20:56,590 [Worker-16: ビルド] INFO  o.e.m.c.i.embedder.EclipseLogger - Using 'UTF-8' encoding to copy filtered resources.
2024-04-29 17:20:56,590 [Worker-16: ビルド] INFO  o.e.m.c.i.embedder.EclipseLogger - Copying 2 resources
2024-04-29 17:20:56,594 [Worker-16: ビルド] INFO  o.e.m.c.i.embedder.EclipseLogger - Using 'UTF-8' encoding to copy filtered resources.
2024-04-29 17:20:56,594 [Worker-16: ビルド] INFO  o.e.m.c.i.embedder.EclipseLogger - Copying 0 resource
2024-04-29 17:32:20,891 [Worker-31: ビルド] INFO  o.e.m.c.i.embedder.EclipseLogger - Using 'UTF-8' encoding to copy filtered resources.
2024-04-29 17:32:20,892 [Worker-31: ビルド] INFO  o.e.m.c.i.embedder.EclipseLogger - Copying 0 resource
2024-04-29 17:32:20,897 [Worker-31: ビルド] INFO  o.e.m.c.i.embedder.EclipseLogger - Using 'UTF-8' encoding to copy filtered resources.
2024-04-29 17:32:20,898 [Worker-31: ビルド] INFO  o.e.m.c.i.embedder.EclipseLogger - Copying 0 resource
2024-04-29 17:37:03,671 [Worker-30: ビルド] INFO  o.e.m.c.i.embedder.EclipseLogger - Using 'UTF-8' encoding to copy filtered resources.
2024-04-29 17:37:03,671 [Worker-30: ビルド] INFO  o.e.m.c.i.embedder.EclipseLogger - Copying 0 resource
2024-04-29 17:37:03,678 [Worker-30: ビルド] INFO  o.e.m.c.i.embedder.EclipseLogger - Using 'UTF-8' encoding to copy filtered resources.
2024-04-29 17:37:03,679 [Worker-30: ビルド] INFO  o.e.m.c.i.embedder.EclipseLogger - Copying 0 resource
2024-04-29 17:37:31,966 [Worker-30: ビルド] INFO  o.e.m.c.i.embedder.EclipseLogger - Using 'UTF-8' encoding to copy filtered resources.
2024-04-29 17:37:31,966 [Worker-30: ビルド] INFO  o.e.m.c.i.embedder.EclipseLogger - Copying 0 resource
2024-04-29 17:37:31,971 [Worker-30: ビルド] INFO  o.e.m.c.i.embedder.EclipseLogger - Using 'UTF-8' encoding to copy filtered resources.
2024-04-29 17:37:31,972 [Worker-30: ビルド] INFO  o.e.m.c.i.embedder.EclipseLogger - Copying 0 resource
2024-04-29 17:40:02,110 [Worker-30: ビルド] INFO  o.e.m.c.i.embedder.EclipseLogger - Using 'UTF-8' encoding to copy filtered resources.
2024-04-29 17:40:02,110 [Worker-30: ビルド] INFO  o.e.m.c.i.embedder.EclipseLogger - Copying 0 resource
2024-04-29 17:40:02,114 [Worker-30: ビルド] INFO  o.e.m.c.i.embedder.EclipseLogger - Using 'UTF-8' encoding to copy filtered resources.
2024-04-29 17:40:02,114 [Worker-30: ビルド] INFO  o.e.m.c.i.embedder.EclipseLogger - Copying 0 resource
2024-04-29 17:41:10,904 [Worker-30: ビルド] INFO  o.e.m.c.i.embedder.EclipseLogger - Using 'UTF-8' encoding to copy filtered resources.
2024-04-29 17:41:10,904 [Worker-30: ビルド] INFO  o.e.m.c.i.embedder.EclipseLogger - Copying 0 resource
2024-04-29 17:41:10,908 [Worker-30: ビルド] INFO  o.e.m.c.i.embedder.EclipseLogger - Using 'UTF-8' encoding to copy filtered resources.
2024-04-29 17:41:10,908 [Worker-30: ビルド] INFO  o.e.m.c.i.embedder.EclipseLogger - Copying 0 resource
2024-04-29 17:44:20,716 [Worker-29: ビルド] INFO  o.e.m.c.i.embedder.EclipseLogger - Using 'UTF-8' encoding to copy filtered resources.
2024-04-29 17:44:20,717 [Worker-29: ビルド] INFO  o.e.m.c.i.embedder.EclipseLogger - Copying 0 resource
2024-04-29 17:44:20,719 [Worker-29: ビルド] INFO  o.e.m.c.i.embedder.EclipseLogger - Using 'UTF-8' encoding to copy filtered resources.
2024-04-29 17:44:20,720 [Worker-29: ビルド] INFO  o.e.m.c.i.embedder.EclipseLogger - Copying 0 resource
2024-04-29 17:45:20,539 [Worker-29: ビルド] INFO  o.e.m.c.i.embedder.EclipseLogger - Using 'UTF-8' encoding to copy filtered resources.
2024-04-29 17:45:20,539 [Worker-29: ビルド] INFO  o.e.m.c.i.embedder.EclipseLogger - Copying 0 resource
2024-04-29 17:45:20,543 [Worker-29: ビルド] INFO  o.e.m.c.i.embedder.EclipseLogger - Using 'UTF-8' encoding to copy filtered resources.
2024-04-29 17:45:20,544 [Worker-29: ビルド] INFO  o.e.m.c.i.embedder.EclipseLogger - Copying 0 resource
2024-04-29 17:46:21,011 [Worker-36: ビルド] INFO  o.e.m.c.i.embedder.EclipseLogger - Using 'UTF-8' encoding to copy filtered resources.
2024-04-29 17:46:21,012 [Worker-36: ビルド] INFO  o.e.m.c.i.embedder.EclipseLogger - Copying 0 resource
2024-04-29 17:46:21,015 [Worker-36: ビルド] INFO  o.e.m.c.i.embedder.EclipseLogger - Using 'UTF-8' encoding to copy filtered resources.
2024-04-29 17:46:21,016 [Worker-36: ビルド] INFO  o.e.m.c.i.embedder.EclipseLogger - Copying 0 resource
2024-04-29 17:46:50,016 [Worker-35: ビルド] INFO  o.e.m.c.i.embedder.EclipseLogger - Using 'UTF-8' encoding to copy filtered resources.
2024-04-29 17:46:50,016 [Worker-35: ビルド] INFO  o.e.m.c.i.embedder.EclipseLogger - Copying 1 resource
2024-04-29 17:46:50,020 [Worker-35: ビルド] INFO  o.e.m.c.i.embedder.EclipseLogger - Using 'UTF-8' encoding to copy filtered resources.
2024-04-29 17:46:50,020 [Worker-35: ビルド] INFO  o.e.m.c.i.embedder.EclipseLogger - Copying 0 resource
2024-04-29 17:51:22,347 [Worker-36: ビルド] INFO  o.e.m.c.i.l.LifecycleMappingFactory - Using org.eclipse.m2e.jdt.JarLifecycleMapping lifecycle mapping for MavenProject: vn.com.vti.bookshop:web-common:0.0.1-SNAPSHOT @ C:\Users\vytra\Documents\TAKUMI\shopping web 2\root\web-common\pom.xml.
2024-04-29 17:51:22,620 [Worker-36: ビルド] INFO  o.e.m.c.i.p.WorkspaceClassifierResolverManager - Resolving P/domain: vn.com.vti.bookshop:domain:0.0.1-SNAPSHOT with classifier  to /domain/target/classes
2024-04-29 17:51:22,621 [Worker-36: ビルド] INFO  o.e.m.c.i.p.WorkspaceClassifierResolverManager - Resolving P/common: vn.com.vti.bookshop:common:0.0.1-SNAPSHOT with classifier  to /common/target/classes
2024-04-29 17:51:22,799 [Worker-36: ビルド] INFO  o.e.m.c.i.l.LifecycleMappingFactory - Using org.eclipse.m2e.jdt.JarLifecycleMapping lifecycle mapping for MavenProject: vn.com.vti.bookshop:bookshop:0.0.1-SNAPSHOT @ C:\Users\vytra\Documents\TAKUMI\shopping web 2\root\bookshop\pom.xml.
2024-04-29 17:51:22,821 [Worker-36: ビルド] INFO  o.e.m.c.i.p.WorkspaceClassifierResolverManager - Resolving P/web-common: vn.com.vti.bookshop:web-common:0.0.1-SNAPSHOT with classifier  to /web-common/target/classes
2024-04-29 17:51:22,821 [Worker-36: ビルド] INFO  o.e.m.c.i.p.WorkspaceClassifierResolverManager - Resolving P/domain: vn.com.vti.bookshop:domain:0.0.1-SNAPSHOT with classifier  to /domain/target/classes
2024-04-29 17:51:22,821 [Worker-36: ビルド] INFO  o.e.m.c.i.p.WorkspaceClassifierResolverManager - Resolving P/common: vn.com.vti.bookshop:common:0.0.1-SNAPSHOT with classifier  to /common/target/classes
2024-04-29 17:51:23,185 [Worker-36: ビルド] INFO  o.e.m.c.i.embedder.EclipseLogger - Using 'UTF-8' encoding to copy filtered resources.
2024-04-29 17:51:23,185 [Worker-36: ビルド] INFO  o.e.m.c.i.embedder.EclipseLogger - Copying 0 resource
2024-04-29 17:51:23,190 [Worker-36: ビルド] INFO  o.e.m.c.i.embedder.EclipseLogger - Using 'UTF-8' encoding to copy filtered resources.
2024-04-29 17:51:23,191 [Worker-36: ビルド] INFO  o.e.m.c.i.embedder.EclipseLogger - Copying 0 resource
2024-04-29 17:51:23,390 [Worker-36: ビルド] INFO  o.e.m.c.i.embedder.EclipseLogger - Using 'UTF-8' encoding to copy filtered resources.
2024-04-29 17:51:23,391 [Worker-36: ビルド] INFO  o.e.m.c.i.embedder.EclipseLogger - Copying 2 resources
2024-04-29 17:51:23,397 [Worker-36: ビルド] INFO  o.e.m.c.i.embedder.EclipseLogger - Using 'UTF-8' encoding to copy filtered resources.
2024-04-29 17:51:23,398 [Worker-36: ビルド] INFO  o.e.m.c.i.embedder.EclipseLogger - Copying 1 resource
2024-04-29 17:51:24,808 [Worker-29: ビルド] INFO  o.e.m.c.i.embedder.EclipseLogger - Using 'UTF-8' encoding to copy filtered resources.
2024-04-29 17:51:24,809 [Worker-29: ビルド] INFO  o.e.m.c.i.embedder.EclipseLogger - Copying 0 resource
2024-04-29 17:51:24,816 [Worker-29: ビルド] INFO  o.e.m.c.i.embedder.EclipseLogger - Using 'UTF-8' encoding to copy filtered resources.
2024-04-29 17:51:24,816 [Worker-29: ビルド] INFO  o.e.m.c.i.embedder.EclipseLogger - Copying 0 resource
2024-04-29 17:52:16,782 [Worker-37: Maven プロジェクトの更新中] INFO  o.e.m.c.i.p.ProjectConfigurationManager - Update started
2024-04-29 17:52:16,948 [Worker-37: Maven プロジェクトの更新中] INFO  o.e.m.c.i.l.LifecycleMappingFactory - Using org.eclipse.m2e.jdt.JarLifecycleMapping lifecycle mapping for MavenProject: vn.com.vti.bookshop:web-common:0.0.1-SNAPSHOT @ C:\Users\vytra\Documents\TAKUMI\shopping web 2\root\web-common\pom.xml.
2024-04-29 17:52:17,125 [Worker-37: Maven プロジェクトの更新中] INFO  o.e.m.c.i.p.WorkspaceClassifierResolverManager - Resolving P/domain: vn.com.vti.bookshop:domain:0.0.1-SNAPSHOT with classifier  to /domain/target/classes
2024-04-29 17:52:17,125 [Worker-37: Maven プロジェクトの更新中] INFO  o.e.m.c.i.p.WorkspaceClassifierResolverManager - Resolving P/common: vn.com.vti.bookshop:common:0.0.1-SNAPSHOT with classifier  to /common/target/classes
2024-04-29 17:52:17,278 [Worker-37: Maven プロジェクトの更新中] INFO  o.e.m.j.i.AbstractJavaProjectConfigurator - Adding source folder /web-common/src/main/java
2024-04-29 17:52:17,278 [Worker-37: Maven プロジェクトの更新中] INFO  o.e.m.j.i.AbstractJavaProjectConfigurator - Adding resource folder /web-common/src/main/resources
2024-04-29 17:52:17,278 [Worker-37: Maven プロジェクトの更新中] INFO  o.e.m.j.i.AbstractJavaProjectConfigurator - Adding source folder /web-common/src/test/java
2024-04-29 17:52:17,278 [Worker-37: Maven プロジェクトの更新中] INFO  o.e.m.j.i.AbstractJavaProjectConfigurator - Adding resource folder /web-common/src/test/resources
2024-04-29 17:52:17,499 [Worker-37: Maven プロジェクトの更新中] INFO  o.e.m.c.i.p.ProjectConfigurationManager - Update completed for 1 poms: local refresh takes 0.00 sec, refresh facades takes 0.00 sec, update config takes 0.00 sec 
2024-04-29 17:52:17,616 [Worker-38: ビルド] INFO  o.e.m.c.i.embedder.EclipseLogger - Using 'UTF-8' encoding to copy filtered resources.
2024-04-29 17:52:17,616 [Worker-38: ビルド] INFO  o.e.m.c.i.embedder.EclipseLogger - Copying 0 resource
2024-04-29 17:52:17,618 [Worker-38: ビルド] INFO  o.e.m.c.i.embedder.EclipseLogger - Using 'UTF-8' encoding to copy filtered resources.
2024-04-29 17:52:17,619 [Worker-38: ビルド] INFO  o.e.m.c.i.embedder.EclipseLogger - Copying 0 resource
2024-04-29 17:55:36,883 [Worker-39: ビルド] INFO  o.e.m.c.i.embedder.EclipseLogger - Using 'UTF-8' encoding to copy filtered resources.
2024-04-29 17:55:36,883 [Worker-39: ビルド] INFO  o.e.m.c.i.embedder.EclipseLogger - Copying 0 resource
2024-04-29 17:55:36,886 [Worker-39: ビルド] INFO  o.e.m.c.i.embedder.EclipseLogger - Using 'UTF-8' encoding to copy filtered resources.
2024-04-29 17:55:36,886 [Worker-39: ビルド] INFO  o.e.m.c.i.embedder.EclipseLogger - Copying 0 resource
2024-04-29 17:55:37,275 [Worker-34: ビルド] INFO  o.e.m.c.i.embedder.EclipseLogger - Using 'UTF-8' encoding to copy filtered resources.
2024-04-29 17:55:37,275 [Worker-34: ビルド] INFO  o.e.m.c.i.embedder.EclipseLogger - Copying 0 resource
2024-04-29 17:55:37,278 [Worker-34: ビルド] INFO  o.e.m.c.i.embedder.EclipseLogger - Using 'UTF-8' encoding to copy filtered resources.
2024-04-29 17:55:37,278 [Worker-34: ビルド] INFO  o.e.m.c.i.embedder.EclipseLogger - Copying 1 resource
2024-04-29 17:55:37,306 [Worker-34: ビルド] WARN  o.e.m.c.i.embedder.EclipseLogger - Using platform encoding (MS932 actually) to copy filtered resources, i.e. build is platform dependent!
2024-04-29 17:55:37,307 [Worker-34: ビルド] INFO  o.e.m.c.i.embedder.EclipseLogger - Copying 1 resource
2024-04-29 17:55:37,311 [Worker-34: ビルド] WARN  o.e.m.c.i.embedder.EclipseLogger - Using platform encoding (MS932 actually) to copy filtered resources, i.e. build is platform dependent!
2024-04-29 17:55:37,312 [Worker-34: ビルド] INFO  o.e.m.c.i.embedder.EclipseLogger - Copying 0 resource
2024-04-29 17:55:37,336 [Worker-34: ビルド] INFO  o.e.m.c.i.embedder.EclipseLogger - Using 'UTF-8' encoding to copy filtered resources.
2024-04-29 17:55:37,336 [Worker-34: ビルド] INFO  o.e.m.c.i.embedder.EclipseLogger - Copying 0 resource
2024-04-29 17:55:37,340 [Worker-34: ビルド] INFO  o.e.m.c.i.embedder.EclipseLogger - Using 'UTF-8' encoding to copy filtered resources.
2024-04-29 17:55:37,340 [Worker-34: ビルド] INFO  o.e.m.c.i.embedder.EclipseLogger - Copying 0 resource
2024-04-29 17:55:37,463 [Worker-34: ビルド] INFO  o.e.m.c.i.embedder.EclipseLogger - Using 'UTF-8' encoding to copy filtered resources.
2024-04-29 17:55:37,464 [Worker-34: ビルド] INFO  o.e.m.c.i.embedder.EclipseLogger - Copying 2 resources
2024-04-29 17:55:37,467 [Worker-34: ビルド] INFO  o.e.m.c.i.embedder.EclipseLogger - Using 'UTF-8' encoding to copy filtered resources.
2024-04-29 17:55:37,468 [Worker-34: ビルド] INFO  o.e.m.c.i.embedder.EclipseLogger - Copying 1 resource
2024-04-29 17:57:56,151 [Worker-40: bookshop - App の起動] INFO  o.e.m.c.i.p.WorkspaceClassifierResolverManager - Resolving P/web-common: vn.com.vti.bookshop:web-common:0.0.1-SNAPSHOT with classifier null to /web-common/target/classes
2024-04-29 17:57:56,152 [Worker-40: bookshop - App の起動] INFO  o.e.m.c.i.p.WorkspaceClassifierResolverManager - Resolving P/domain: vn.com.vti.bookshop:domain:0.0.1-SNAPSHOT with classifier null to /domain/target/classes
2024-04-29 17:57:56,152 [Worker-40: bookshop - App の起動] INFO  o.e.m.c.i.p.WorkspaceClassifierResolverManager - Resolving P/common: vn.com.vti.bookshop:common:0.0.1-SNAPSHOT with classifier null to /common/target/classes
2024-04-29 18:02:49,977 [Worker-42: ビルド] INFO  o.e.m.c.i.embedder.EclipseLogger - Using 'UTF-8' encoding to copy filtered resources.
2024-04-29 18:02:49,978 [Worker-42: ビルド] INFO  o.e.m.c.i.embedder.EclipseLogger - Copying 2 resources
2024-04-29 18:02:49,984 [Worker-42: ビルド] INFO  o.e.m.c.i.embedder.EclipseLogger - Using 'UTF-8' encoding to copy filtered resources.
2024-04-29 18:02:49,984 [Worker-42: ビルド] INFO  o.e.m.c.i.embedder.EclipseLogger - Copying 0 resource
2024-04-29 18:07:59,141 [Worker-45: ビルド] INFO  o.e.m.c.i.embedder.EclipseLogger - Using 'UTF-8' encoding to copy filtered resources.
2024-04-29 18:07:59,142 [Worker-45: ビルド] INFO  o.e.m.c.i.embedder.EclipseLogger - Copying 2 resources
2024-04-29 18:07:59,146 [Worker-45: ビルド] INFO  o.e.m.c.i.embedder.EclipseLogger - Using 'UTF-8' encoding to copy filtered resources.
2024-04-29 18:07:59,146 [Worker-45: ビルド] INFO  o.e.m.c.i.embedder.EclipseLogger - Copying 0 resource
2024-04-29 18:32:20,266 [Worker-43: ビルド] INFO  o.e.m.c.i.embedder.EclipseLogger - Using 'UTF-8' encoding to copy filtered resources.
2024-04-29 18:32:20,267 [Worker-43: ビルド] INFO  o.e.m.c.i.embedder.EclipseLogger - Copying 2 resources
2024-04-29 18:32:20,276 [Worker-43: ビルド] INFO  o.e.m.c.i.embedder.EclipseLogger - Using 'UTF-8' encoding to copy filtered resources.
2024-04-29 18:32:20,276 [Worker-43: ビルド] INFO  o.e.m.c.i.embedder.EclipseLogger - Copying 0 resource
2024-04-29 18:33:59,059 [Worker-43: ビルド] INFO  o.e.m.c.i.embedder.EclipseLogger - Using 'UTF-8' encoding to copy filtered resources.
2024-04-29 18:33:59,060 [Worker-43: ビルド] INFO  o.e.m.c.i.embedder.EclipseLogger - Copying 2 resources
2024-04-29 18:33:59,065 [Worker-43: ビルド] INFO  o.e.m.c.i.embedder.EclipseLogger - Using 'UTF-8' encoding to copy filtered resources.
2024-04-29 18:33:59,065 [Worker-43: ビルド] INFO  o.e.m.c.i.embedder.EclipseLogger - Copying 0 resource
2024-04-29 18:36:11,818 [Worker-55: ビルド] INFO  o.e.m.c.i.embedder.EclipseLogger - Using 'UTF-8' encoding to copy filtered resources.
2024-04-29 18:36:11,819 [Worker-55: ビルド] INFO  o.e.m.c.i.embedder.EclipseLogger - Copying 2 resources
2024-04-29 18:36:11,823 [Worker-55: ビルド] INFO  o.e.m.c.i.embedder.EclipseLogger - Using 'UTF-8' encoding to copy filtered resources.
2024-04-29 18:36:11,823 [Worker-55: ビルド] INFO  o.e.m.c.i.embedder.EclipseLogger - Copying 0 resource
2024-04-29 19:01:14,440 [Worker-60: ビルド] INFO  o.e.m.c.i.embedder.EclipseLogger - Using 'UTF-8' encoding to copy filtered resources.
2024-04-29 19:01:14,441 [Worker-60: ビルド] INFO  o.e.m.c.i.embedder.EclipseLogger - Copying 2 resources
2024-04-29 19:01:14,449 [Worker-60: ビルド] INFO  o.e.m.c.i.embedder.EclipseLogger - Using 'UTF-8' encoding to copy filtered resources.
2024-04-29 19:01:14,449 [Worker-60: ビルド] INFO  o.e.m.c.i.embedder.EclipseLogger - Copying 0 resource
2024-04-29 19:06:16,556 [Worker-56: ビルド] INFO  o.e.m.c.i.embedder.EclipseLogger - Using 'UTF-8' encoding to copy filtered resources.
2024-04-29 19:06:16,557 [Worker-56: ビルド] INFO  o.e.m.c.i.embedder.EclipseLogger - Copying 2 resources
2024-04-29 19:06:16,561 [Worker-56: ビルド] INFO  o.e.m.c.i.embedder.EclipseLogger - Using 'UTF-8' encoding to copy filtered resources.
2024-04-29 19:06:16,561 [Worker-56: ビルド] INFO  o.e.m.c.i.embedder.EclipseLogger - Copying 0 resource
2024-04-29 19:06:29,381 [Worker-65: ビルド] INFO  o.e.m.c.i.embedder.EclipseLogger - Using 'UTF-8' encoding to copy filtered resources.
2024-04-29 19:06:29,382 [Worker-65: ビルド] INFO  o.e.m.c.i.embedder.EclipseLogger - Copying 2 resources
2024-04-29 19:06:29,386 [Worker-65: ビルド] INFO  o.e.m.c.i.embedder.EclipseLogger - Using 'UTF-8' encoding to copy filtered resources.
2024-04-29 19:06:29,386 [Worker-65: ビルド] INFO  o.e.m.c.i.embedder.EclipseLogger - Copying 0 resource
2024-04-29 19:29:05,799 [Worker-68: ビルド] INFO  o.e.m.c.i.embedder.EclipseLogger - Using 'UTF-8' encoding to copy filtered resources.
2024-04-29 19:29:05,800 [Worker-68: ビルド] INFO  o.e.m.c.i.embedder.EclipseLogger - Copying 2 resources
2024-04-29 19:29:05,804 [Worker-68: ビルド] INFO  o.e.m.c.i.embedder.EclipseLogger - Using 'UTF-8' encoding to copy filtered resources.
2024-04-29 19:29:05,804 [Worker-68: ビルド] INFO  o.e.m.c.i.embedder.EclipseLogger - Copying 0 resource
2024-04-29 19:29:10,652 [Worker-73: ビルド] INFO  o.e.m.c.i.embedder.EclipseLogger - Using 'UTF-8' encoding to copy filtered resources.
2024-04-29 19:29:10,652 [Worker-73: ビルド] INFO  o.e.m.c.i.embedder.EclipseLogger - Copying 0 resource
2024-04-29 19:29:10,654 [Worker-73: ビルド] INFO  o.e.m.c.i.embedder.EclipseLogger - Using 'UTF-8' encoding to copy filtered resources.
2024-04-29 19:29:10,655 [Worker-73: ビルド] INFO  o.e.m.c.i.embedder.EclipseLogger - Copying 0 resource
2024-04-29 19:31:43,010 [Worker-71: ビルド] INFO  o.e.m.c.i.embedder.EclipseLogger - Using 'UTF-8' encoding to copy filtered resources.
2024-04-29 19:31:43,011 [Worker-71: ビルド] INFO  o.e.m.c.i.embedder.EclipseLogger - Copying 2 resources
2024-04-29 19:31:43,015 [Worker-71: ビルド] INFO  o.e.m.c.i.embedder.EclipseLogger - Using 'UTF-8' encoding to copy filtered resources.
2024-04-29 19:31:43,015 [Worker-71: ビルド] INFO  o.e.m.c.i.embedder.EclipseLogger - Copying 0 resource
2024-04-29 19:32:23,203 [Worker-70: ビルド] INFO  o.e.m.c.i.embedder.EclipseLogger - Using 'UTF-8' encoding to copy filtered resources.
2024-04-29 19:32:23,204 [Worker-70: ビルド] INFO  o.e.m.c.i.embedder.EclipseLogger - Copying 2 resources
2024-04-29 19:32:23,210 [Worker-70: ビルド] INFO  o.e.m.c.i.embedder.EclipseLogger - Using 'UTF-8' encoding to copy filtered resources.
2024-04-29 19:32:23,211 [Worker-70: ビルド] INFO  o.e.m.c.i.embedder.EclipseLogger - Copying 0 resource
2024-04-29 19:41:26,662 [Worker-83: ビルド] INFO  o.e.m.c.i.embedder.EclipseLogger - Using 'UTF-8' encoding to copy filtered resources.
2024-04-29 19:41:26,663 [Worker-83: ビルド] INFO  o.e.m.c.i.embedder.EclipseLogger - Copying 2 resources
2024-04-29 19:41:26,666 [Worker-83: ビルド] INFO  o.e.m.c.i.embedder.EclipseLogger - Using 'UTF-8' encoding to copy filtered resources.
2024-04-29 19:41:26,667 [Worker-83: ビルド] INFO  o.e.m.c.i.embedder.EclipseLogger - Copying 0 resource
2024-04-29 19:41:31,605 [Worker-73: ビルド] INFO  o.e.m.c.i.embedder.EclipseLogger - Using 'UTF-8' encoding to copy filtered resources.
2024-04-29 19:41:31,605 [Worker-73: ビルド] INFO  o.e.m.c.i.embedder.EclipseLogger - Copying 2 resources
2024-04-29 19:41:31,612 [Worker-73: ビルド] INFO  o.e.m.c.i.embedder.EclipseLogger - Using 'UTF-8' encoding to copy filtered resources.
2024-04-29 19:41:31,612 [Worker-73: ビルド] INFO  o.e.m.c.i.embedder.EclipseLogger - Copying 0 resource
2024-04-29 19:41:59,969 [Worker-68: ビルド] INFO  o.e.m.c.i.embedder.EclipseLogger - Using 'UTF-8' encoding to copy filtered resources.
2024-04-29 19:41:59,970 [Worker-68: ビルド] INFO  o.e.m.c.i.embedder.EclipseLogger - Copying 2 resources
2024-04-29 19:41:59,975 [Worker-68: ビルド] INFO  o.e.m.c.i.embedder.EclipseLogger - Using 'UTF-8' encoding to copy filtered resources.
2024-04-29 19:41:59,975 [Worker-68: ビルド] INFO  o.e.m.c.i.embedder.EclipseLogger - Copying 0 resource
2024-04-29 19:44:14,095 [Worker-80: ビルド] INFO  o.e.m.c.i.embedder.EclipseLogger - Using 'UTF-8' encoding to copy filtered resources.
2024-04-29 19:44:14,096 [Worker-80: ビルド] INFO  o.e.m.c.i.embedder.EclipseLogger - Copying 0 resource
2024-04-29 19:44:14,100 [Worker-80: ビルド] INFO  o.e.m.c.i.embedder.EclipseLogger - Using 'UTF-8' encoding to copy filtered resources.
2024-04-29 19:44:14,100 [Worker-80: ビルド] INFO  o.e.m.c.i.embedder.EclipseLogger - Copying 0 resource
2024-04-29 19:46:45,613 [Worker-68: ビルド] INFO  o.e.m.c.i.embedder.EclipseLogger - Using 'UTF-8' encoding to copy filtered resources.
2024-04-29 19:46:45,613 [Worker-68: ビルド] INFO  o.e.m.c.i.embedder.EclipseLogger - Copying 0 resource
2024-04-29 19:46:45,615 [Worker-68: ビルド] INFO  o.e.m.c.i.embedder.EclipseLogger - Using 'UTF-8' encoding to copy filtered resources.
2024-04-29 19:46:45,615 [Worker-68: ビルド] INFO  o.e.m.c.i.embedder.EclipseLogger - Copying 0 resource
2024-04-29 19:47:42,827 [Worker-82: ビルド] INFO  o.e.m.c.i.embedder.EclipseLogger - Using 'UTF-8' encoding to copy filtered resources.
2024-04-29 19:47:42,827 [Worker-82: ビルド] INFO  o.e.m.c.i.embedder.EclipseLogger - Copying 0 resource
2024-04-29 19:47:42,829 [Worker-82: ビルド] INFO  o.e.m.c.i.embedder.EclipseLogger - Using 'UTF-8' encoding to copy filtered resources.
2024-04-29 19:47:42,830 [Worker-82: ビルド] INFO  o.e.m.c.i.embedder.EclipseLogger - Copying 0 resource
2024-04-29 19:49:16,062 [Worker-68: ビルド] INFO  o.e.m.c.i.embedder.EclipseLogger - Using 'UTF-8' encoding to copy filtered resources.
2024-04-29 19:49:16,062 [Worker-68: ビルド] INFO  o.e.m.c.i.embedder.EclipseLogger - Copying 0 resource
2024-04-29 19:49:16,064 [Worker-68: ビルド] INFO  o.e.m.c.i.embedder.EclipseLogger - Using 'UTF-8' encoding to copy filtered resources.
2024-04-29 19:49:16,064 [Worker-68: ビルド] INFO  o.e.m.c.i.embedder.EclipseLogger - Copying 0 resource
2024-04-29 19:49:16,379 [Worker-68: ビルド] INFO  o.e.m.c.i.embedder.EclipseLogger - Using 'UTF-8' encoding to copy filtered resources.
2024-04-29 19:49:16,379 [Worker-68: ビルド] INFO  o.e.m.c.i.embedder.EclipseLogger - Copying 0 resource
2024-04-29 19:49:16,381 [Worker-68: ビルド] INFO  o.e.m.c.i.embedder.EclipseLogger - Using 'UTF-8' encoding to copy filtered resources.
2024-04-29 19:49:16,382 [Worker-68: ビルド] INFO  o.e.m.c.i.embedder.EclipseLogger - Copying 1 resource
2024-04-29 19:49:16,417 [Worker-68: ビルド] WARN  o.e.m.c.i.embedder.EclipseLogger - Using platform encoding (MS932 actually) to copy filtered resources, i.e. build is platform dependent!
2024-04-29 19:49:16,418 [Worker-68: ビルド] INFO  o.e.m.c.i.embedder.EclipseLogger - Copying 1 resource
2024-04-29 19:49:16,426 [Worker-68: ビルド] WARN  o.e.m.c.i.embedder.EclipseLogger - Using platform encoding (MS932 actually) to copy filtered resources, i.e. build is platform dependent!
2024-04-29 19:49:16,427 [Worker-68: ビルド] INFO  o.e.m.c.i.embedder.EclipseLogger - Copying 0 resource
2024-04-29 19:49:16,458 [Worker-68: ビルド] INFO  o.e.m.c.i.embedder.EclipseLogger - Using 'UTF-8' encoding to copy filtered resources.
2024-04-29 19:49:16,458 [Worker-68: ビルド] INFO  o.e.m.c.i.embedder.EclipseLogger - Copying 0 resource
2024-04-29 19:49:16,461 [Worker-68: ビルド] INFO  o.e.m.c.i.embedder.EclipseLogger - Using 'UTF-8' encoding to copy filtered resources.
2024-04-29 19:49:16,461 [Worker-68: ビルド] INFO  o.e.m.c.i.embedder.EclipseLogger - Copying 0 resource
2024-04-29 19:49:16,583 [Worker-68: ビルド] INFO  o.e.m.c.i.embedder.EclipseLogger - Using 'UTF-8' encoding to copy filtered resources.
2024-04-29 19:49:16,584 [Worker-68: ビルド] INFO  o.e.m.c.i.embedder.EclipseLogger - Copying 2 resources
2024-04-29 19:49:16,589 [Worker-68: ビルド] INFO  o.e.m.c.i.embedder.EclipseLogger - Using 'UTF-8' encoding to copy filtered resources.
2024-04-29 19:49:16,589 [Worker-68: ビルド] INFO  o.e.m.c.i.embedder.EclipseLogger - Copying 1 resource
2024-04-29 19:49:22,207 [Worker-73: bookshop - App の起動] INFO  o.e.m.c.i.p.WorkspaceClassifierResolverManager - Resolving P/web-common: vn.com.vti.bookshop:web-common:0.0.1-SNAPSHOT with classifier null to /web-common/target/classes
2024-04-29 19:49:22,208 [Worker-73: bookshop - App の起動] INFO  o.e.m.c.i.p.WorkspaceClassifierResolverManager - Resolving P/domain: vn.com.vti.bookshop:domain:0.0.1-SNAPSHOT with classifier null to /domain/target/classes
2024-04-29 19:49:22,208 [Worker-73: bookshop - App の起動] INFO  o.e.m.c.i.p.WorkspaceClassifierResolverManager - Resolving P/common: vn.com.vti.bookshop:common:0.0.1-SNAPSHOT with classifier null to /common/target/classes
2024-04-29 19:52:30,556 [Worker-87: ビルド] INFO  o.e.m.c.i.embedder.EclipseLogger - Using 'UTF-8' encoding to copy filtered resources.
2024-04-29 19:52:30,557 [Worker-87: ビルド] INFO  o.e.m.c.i.embedder.EclipseLogger - Copying 2 resources
2024-04-29 19:52:30,561 [Worker-87: ビルド] INFO  o.e.m.c.i.embedder.EclipseLogger - Using 'UTF-8' encoding to copy filtered resources.
2024-04-29 19:52:30,562 [Worker-87: ビルド] INFO  o.e.m.c.i.embedder.EclipseLogger - Copying 0 resource
2024-04-29 19:54:11,015 [Worker-84: ビルド] INFO  o.e.m.c.i.embedder.EclipseLogger - Using 'UTF-8' encoding to copy filtered resources.
2024-04-29 19:54:11,016 [Worker-84: ビルド] INFO  o.e.m.c.i.embedder.EclipseLogger - Copying 2 resources
2024-04-29 19:54:11,022 [Worker-84: ビルド] INFO  o.e.m.c.i.embedder.EclipseLogger - Using 'UTF-8' encoding to copy filtered resources.
2024-04-29 19:54:11,022 [Worker-84: ビルド] INFO  o.e.m.c.i.embedder.EclipseLogger - Copying 0 resource
2024-04-29 19:54:37,997 [Worker-73: ビルド] INFO  o.e.m.c.i.embedder.EclipseLogger - Using 'UTF-8' encoding to copy filtered resources.
2024-04-29 19:54:37,999 [Worker-73: ビルド] INFO  o.e.m.c.i.embedder.EclipseLogger - Copying 2 resources
2024-04-29 19:54:38,004 [Worker-73: ビルド] INFO  o.e.m.c.i.embedder.EclipseLogger - Using 'UTF-8' encoding to copy filtered resources.
2024-04-29 19:54:38,004 [Worker-73: ビルド] INFO  o.e.m.c.i.embedder.EclipseLogger - Copying 0 resource
2024-04-29 19:57:42,183 [Worker-89: Maven プロジェクトの更新中] INFO  o.e.m.c.i.p.ProjectConfigurationManager - Update started
2024-04-29 19:57:42,540 [Worker-89: Maven プロジェクトの更新中] INFO  o.e.m.c.i.l.LifecycleMappingFactory - Using org.eclipse.m2e.jdt.JarLifecycleMapping lifecycle mapping for MavenProject: vn.com.vti.bookshop:web-common:0.0.1-SNAPSHOT @ C:\Users\vytra\Documents\TAKUMI\shopping web 2\root\web-common\pom.xml.
2024-04-29 19:57:42,958 [Worker-89: Maven プロジェクトの更新中] INFO  o.e.m.c.i.p.WorkspaceClassifierResolverManager - Resolving P/domain: vn.com.vti.bookshop:domain:0.0.1-SNAPSHOT with classifier  to /domain/target/classes
2024-04-29 19:57:42,959 [Worker-89: Maven プロジェクトの更新中] INFO  o.e.m.c.i.p.WorkspaceClassifierResolverManager - Resolving P/common: vn.com.vti.bookshop:common:0.0.1-SNAPSHOT with classifier  to /common/target/classes
2024-04-29 19:57:43,192 [Worker-89: Maven プロジェクトの更新中] INFO  o.e.m.j.i.AbstractJavaProjectConfigurator - Adding source folder /web-common/src/main/java
2024-04-29 19:57:43,192 [Worker-89: Maven プロジェクトの更新中] INFO  o.e.m.j.i.AbstractJavaProjectConfigurator - Adding resource folder /web-common/src/main/resources
2024-04-29 19:57:43,192 [Worker-89: Maven プロジェクトの更新中] INFO  o.e.m.j.i.AbstractJavaProjectConfigurator - Adding source folder /web-common/src/test/java
2024-04-29 19:57:43,192 [Worker-89: Maven プロジェクトの更新中] INFO  o.e.m.j.i.AbstractJavaProjectConfigurator - Adding resource folder /web-common/src/test/resources
2024-04-29 19:57:43,491 [Worker-89: Maven プロジェクトの更新中] INFO  o.e.m.c.i.p.ProjectConfigurationManager - Update completed for 1 poms: local refresh takes 0.00 sec, refresh facades takes 0.00 sec, update config takes 0.00 sec 
2024-04-29 19:57:43,657 [Worker-88: ビルド] INFO  o.e.m.c.i.embedder.EclipseLogger - Using 'UTF-8' encoding to copy filtered resources.
2024-04-29 19:57:43,657 [Worker-88: ビルド] INFO  o.e.m.c.i.embedder.EclipseLogger - Copying 0 resource
2024-04-29 19:57:43,659 [Worker-88: ビルド] INFO  o.e.m.c.i.embedder.EclipseLogger - Using 'UTF-8' encoding to copy filtered resources.
2024-04-29 19:57:43,660 [Worker-88: ビルド] INFO  o.e.m.c.i.embedder.EclipseLogger - Copying 0 resource
2024-04-29 19:57:53,158 [Worker-84: ビルド] INFO  o.e.m.c.i.embedder.EclipseLogger - Using 'UTF-8' encoding to copy filtered resources.
2024-04-29 19:57:53,159 [Worker-84: ビルド] INFO  o.e.m.c.i.embedder.EclipseLogger - Copying 0 resource
2024-04-29 19:57:53,161 [Worker-84: ビルド] INFO  o.e.m.c.i.embedder.EclipseLogger - Using 'UTF-8' encoding to copy filtered resources.
2024-04-29 19:57:53,161 [Worker-84: ビルド] INFO  o.e.m.c.i.embedder.EclipseLogger - Copying 0 resource
2024-04-29 19:57:53,411 [Worker-84: ビルド] INFO  o.e.m.c.i.embedder.EclipseLogger - Using 'UTF-8' encoding to copy filtered resources.
2024-04-29 19:57:53,412 [Worker-84: ビルド] INFO  o.e.m.c.i.embedder.EclipseLogger - Copying 0 resource
2024-04-29 19:57:53,413 [Worker-84: ビルド] INFO  o.e.m.c.i.embedder.EclipseLogger - Using 'UTF-8' encoding to copy filtered resources.
2024-04-29 19:57:53,414 [Worker-84: ビルド] INFO  o.e.m.c.i.embedder.EclipseLogger - Copying 1 resource
2024-04-29 19:57:53,438 [Worker-84: ビルド] WARN  o.e.m.c.i.embedder.EclipseLogger - Using platform encoding (MS932 actually) to copy filtered resources, i.e. build is platform dependent!
2024-04-29 19:57:53,439 [Worker-84: ビルド] INFO  o.e.m.c.i.embedder.EclipseLogger - Copying 1 resource
2024-04-29 19:57:53,442 [Worker-84: ビルド] WARN  o.e.m.c.i.embedder.EclipseLogger - Using platform encoding (MS932 actually) to copy filtered resources, i.e. build is platform dependent!
2024-04-29 19:57:53,442 [Worker-84: ビルド] INFO  o.e.m.c.i.embedder.EclipseLogger - Copying 0 resource
2024-04-29 19:57:53,461 [Worker-84: ビルド] INFO  o.e.m.c.i.embedder.EclipseLogger - Using 'UTF-8' encoding to copy filtered resources.
2024-04-29 19:57:53,461 [Worker-84: ビルド] INFO  o.e.m.c.i.embedder.EclipseLogger - Copying 0 resource
2024-04-29 19:57:53,464 [Worker-84: ビルド] INFO  o.e.m.c.i.embedder.EclipseLogger - Using 'UTF-8' encoding to copy filtered resources.
2024-04-29 19:57:53,464 [Worker-84: ビルド] INFO  o.e.m.c.i.embedder.EclipseLogger - Copying 0 resource
2024-04-29 19:57:53,573 [Worker-84: ビルド] INFO  o.e.m.c.i.embedder.EclipseLogger - Using 'UTF-8' encoding to copy filtered resources.
2024-04-29 19:57:53,573 [Worker-84: ビルド] INFO  o.e.m.c.i.embedder.EclipseLogger - Copying 2 resources
2024-04-29 19:57:53,577 [Worker-84: ビルド] INFO  o.e.m.c.i.embedder.EclipseLogger - Using 'UTF-8' encoding to copy filtered resources.
2024-04-29 19:57:53,577 [Worker-84: ビルド] INFO  o.e.m.c.i.embedder.EclipseLogger - Copying 1 resource
2024-04-29 19:58:03,258 [Worker-90: bookshop - App の起動] INFO  o.e.m.c.i.p.WorkspaceClassifierResolverManager - Resolving P/web-common: vn.com.vti.bookshop:web-common:0.0.1-SNAPSHOT with classifier null to /web-common/target/classes
2024-04-29 19:58:03,258 [Worker-90: bookshop - App の起動] INFO  o.e.m.c.i.p.WorkspaceClassifierResolverManager - Resolving P/domain: vn.com.vti.bookshop:domain:0.0.1-SNAPSHOT with classifier null to /domain/target/classes
2024-04-29 19:58:03,259 [Worker-90: bookshop - App の起動] INFO  o.e.m.c.i.p.WorkspaceClassifierResolverManager - Resolving P/common: vn.com.vti.bookshop:common:0.0.1-SNAPSHOT with classifier null to /common/target/classes
2024-04-29 20:00:44,773 [Worker-88: Maven プロジェクトの更新中] INFO  o.e.m.c.i.p.ProjectConfigurationManager - Update started
2024-04-29 20:00:44,948 [Worker-88: Maven プロジェクトの更新中] INFO  o.e.m.c.i.l.LifecycleMappingFactory - Using org.eclipse.m2e.jdt.JarLifecycleMapping lifecycle mapping for MavenProject: vn.com.vti.bookshop:bookshop:0.0.1-SNAPSHOT @ C:\Users\vytra\Documents\TAKUMI\shopping web 2\root\bookshop\pom.xml.
2024-04-29 20:00:45,139 [Worker-88: Maven プロジェクトの更新中] INFO  o.e.m.c.i.p.WorkspaceClassifierResolverManager - Resolving P/web-common: vn.com.vti.bookshop:web-common:0.0.1-SNAPSHOT with classifier  to /web-common/target/classes
2024-04-29 20:00:45,140 [Worker-88: Maven プロジェクトの更新中] INFO  o.e.m.c.i.p.WorkspaceClassifierResolverManager - Resolving P/domain: vn.com.vti.bookshop:domain:0.0.1-SNAPSHOT with classifier  to /domain/target/classes
2024-04-29 20:00:45,140 [Worker-88: Maven プロジェクトの更新中] INFO  o.e.m.c.i.p.WorkspaceClassifierResolverManager - Resolving P/common: vn.com.vti.bookshop:common:0.0.1-SNAPSHOT with classifier  to /common/target/classes
2024-04-29 20:00:45,322 [Worker-88: Maven プロジェクトの更新中] INFO  o.e.m.j.i.AbstractJavaProjectConfigurator - Adding source folder /bookshop/src/main/java
2024-04-29 20:00:45,323 [Worker-88: Maven プロジェクトの更新中] INFO  o.e.m.j.i.AbstractJavaProjectConfigurator - Adding resource folder /bookshop/src/main/resources
2024-04-29 20:00:45,323 [Worker-88: Maven プロジェクトの更新中] INFO  o.e.m.j.i.AbstractJavaProjectConfigurator - Adding source folder /bookshop/src/test/java
2024-04-29 20:00:45,323 [Worker-88: Maven プロジェクトの更新中] INFO  o.e.m.j.i.AbstractJavaProjectConfigurator - Adding resource folder /bookshop/src/test/resources
2024-04-29 20:00:45,579 [Worker-88: Maven プロジェクトの更新中] INFO  o.e.m.c.i.p.ProjectConfigurationManager - Update completed for 1 poms: local refresh takes 0.00 sec, refresh facades takes 0.00 sec, update config takes 0.00 sec 
2024-04-29 20:00:45,858 [Worker-88: ビルド] INFO  o.e.m.c.i.embedder.EclipseLogger - Using 'UTF-8' encoding to copy filtered resources.
2024-04-29 20:00:45,858 [Worker-88: ビルド] INFO  o.e.m.c.i.embedder.EclipseLogger - Copying 2 resources
2024-04-29 20:00:45,864 [Worker-88: ビルド] INFO  o.e.m.c.i.embedder.EclipseLogger - Using 'UTF-8' encoding to copy filtered resources.
2024-04-29 20:00:45,864 [Worker-88: ビルド] INFO  o.e.m.c.i.embedder.EclipseLogger - Copying 1 resource
2024-04-29 20:04:56,731 [Worker-93: ビルド] INFO  o.e.m.c.i.embedder.EclipseLogger - Using 'UTF-8' encoding to copy filtered resources.
2024-04-29 20:04:56,732 [Worker-93: ビルド] INFO  o.e.m.c.i.embedder.EclipseLogger - Copying 2 resources
2024-04-29 20:04:56,735 [Worker-93: ビルド] INFO  o.e.m.c.i.embedder.EclipseLogger - Using 'UTF-8' encoding to copy filtered resources.
2024-04-29 20:04:56,735 [Worker-93: ビルド] INFO  o.e.m.c.i.embedder.EclipseLogger - Copying 0 resource
2024-04-29 20:05:13,150 [Worker-88: ビルド] INFO  o.e.m.c.i.embedder.EclipseLogger - Using 'UTF-8' encoding to copy filtered resources.
2024-04-29 20:05:13,150 [Worker-88: ビルド] INFO  o.e.m.c.i.embedder.EclipseLogger - Copying 2 resources
2024-04-29 20:05:13,154 [Worker-88: ビルド] INFO  o.e.m.c.i.embedder.EclipseLogger - Using 'UTF-8' encoding to copy filtered resources.
2024-04-29 20:05:13,154 [Worker-88: ビルド] INFO  o.e.m.c.i.embedder.EclipseLogger - Copying 0 resource
2024-04-29 20:05:47,410 [Worker-34: ビルド] INFO  o.e.m.c.i.embedder.EclipseLogger - Using 'UTF-8' encoding to copy filtered resources.
2024-04-29 20:05:47,410 [Worker-34: ビルド] INFO  o.e.m.c.i.embedder.EclipseLogger - Copying 2 resources
2024-04-29 20:05:47,415 [Worker-34: ビルド] INFO  o.e.m.c.i.embedder.EclipseLogger - Using 'UTF-8' encoding to copy filtered resources.
2024-04-29 20:05:47,415 [Worker-34: ビルド] INFO  o.e.m.c.i.embedder.EclipseLogger - Copying 0 resource
2024-04-29 20:05:54,876 [Worker-87: ビルド] INFO  o.e.m.c.i.embedder.EclipseLogger - Using 'UTF-8' encoding to copy filtered resources.
2024-04-29 20:05:54,877 [Worker-87: ビルド] INFO  o.e.m.c.i.embedder.EclipseLogger - Copying 2 resources
2024-04-29 20:05:54,881 [Worker-87: ビルド] INFO  o.e.m.c.i.embedder.EclipseLogger - Using 'UTF-8' encoding to copy filtered resources.
2024-04-29 20:05:54,882 [Worker-87: ビルド] INFO  o.e.m.c.i.embedder.EclipseLogger - Copying 0 resource
2024-04-29 20:08:54,371 [Worker-91: ビルド] INFO  o.e.m.c.i.embedder.EclipseLogger - Using 'UTF-8' encoding to copy filtered resources.
2024-04-29 20:08:54,372 [Worker-91: ビルド] INFO  o.e.m.c.i.embedder.EclipseLogger - Copying 2 resources
2024-04-29 20:08:54,375 [Worker-91: ビルド] INFO  o.e.m.c.i.embedder.EclipseLogger - Using 'UTF-8' encoding to copy filtered resources.
2024-04-29 20:08:54,376 [Worker-91: ビルド] INFO  o.e.m.c.i.embedder.EclipseLogger - Copying 0 resource
2024-04-29 20:13:30,130 [Worker-91: ビルド] INFO  o.e.m.c.i.embedder.EclipseLogger - Using 'UTF-8' encoding to copy filtered resources.
2024-04-29 20:13:30,131 [Worker-91: ビルド] INFO  o.e.m.c.i.embedder.EclipseLogger - Copying 2 resources
2024-04-29 20:13:30,135 [Worker-91: ビルド] INFO  o.e.m.c.i.embedder.EclipseLogger - Using 'UTF-8' encoding to copy filtered resources.
2024-04-29 20:13:30,135 [Worker-91: ビルド] INFO  o.e.m.c.i.embedder.EclipseLogger - Copying 0 resource
2024-04-29 20:15:08,512 [Worker-94: ビルド] INFO  o.e.m.c.i.embedder.EclipseLogger - Using 'UTF-8' encoding to copy filtered resources.
2024-04-29 20:15:08,513 [Worker-94: ビルド] INFO  o.e.m.c.i.embedder.EclipseLogger - Copying 2 resources
2024-04-29 20:15:08,517 [Worker-94: ビルド] INFO  o.e.m.c.i.embedder.EclipseLogger - Using 'UTF-8' encoding to copy filtered resources.
2024-04-29 20:15:08,517 [Worker-94: ビルド] INFO  o.e.m.c.i.embedder.EclipseLogger - Copying 0 resource
2024-04-29 20:16:04,049 [Worker-87: ビルド] INFO  o.e.m.c.i.embedder.EclipseLogger - Using 'UTF-8' encoding to copy filtered resources.
2024-04-29 20:16:04,049 [Worker-87: ビルド] INFO  o.e.m.c.i.embedder.EclipseLogger - Copying 2 resources
2024-04-29 20:16:04,053 [Worker-87: ビルド] INFO  o.e.m.c.i.embedder.EclipseLogger - Using 'UTF-8' encoding to copy filtered resources.
2024-04-29 20:16:04,054 [Worker-87: ビルド] INFO  o.e.m.c.i.embedder.EclipseLogger - Copying 0 resource
2024-04-29 20:18:08,685 [Worker-95: ビルド] INFO  o.e.m.c.i.embedder.EclipseLogger - Using 'UTF-8' encoding to copy filtered resources.
2024-04-29 20:18:08,686 [Worker-95: ビルド] INFO  o.e.m.c.i.embedder.EclipseLogger - Copying 2 resources
2024-04-29 20:18:08,691 [Worker-95: ビルド] INFO  o.e.m.c.i.embedder.EclipseLogger - Using 'UTF-8' encoding to copy filtered resources.
2024-04-29 20:18:08,692 [Worker-95: ビルド] INFO  o.e.m.c.i.embedder.EclipseLogger - Copying 0 resource
2024-04-29 20:18:50,216 [Worker-99: ビルド] INFO  o.e.m.c.i.embedder.EclipseLogger - Using 'UTF-8' encoding to copy filtered resources.
2024-04-29 20:18:50,217 [Worker-99: ビルド] INFO  o.e.m.c.i.embedder.EclipseLogger - Copying 2 resources
2024-04-29 20:18:50,220 [Worker-99: ビルド] INFO  o.e.m.c.i.embedder.EclipseLogger - Using 'UTF-8' encoding to copy filtered resources.
2024-04-29 20:18:50,220 [Worker-99: ビルド] INFO  o.e.m.c.i.embedder.EclipseLogger - Copying 0 resource
2024-04-29 20:19:32,387 [Worker-96: ビルド] INFO  o.e.m.c.i.embedder.EclipseLogger - Using 'UTF-8' encoding to copy filtered resources.
2024-04-29 20:19:32,388 [Worker-96: ビルド] INFO  o.e.m.c.i.embedder.EclipseLogger - Copying 2 resources
2024-04-29 20:19:32,391 [Worker-96: ビルド] INFO  o.e.m.c.i.embedder.EclipseLogger - Using 'UTF-8' encoding to copy filtered resources.
2024-04-29 20:19:32,392 [Worker-96: ビルド] INFO  o.e.m.c.i.embedder.EclipseLogger - Copying 0 resource
2024-04-29 20:19:56,343 [Worker-91: ビルド] INFO  o.e.m.c.i.embedder.EclipseLogger - Using 'UTF-8' encoding to copy filtered resources.
2024-04-29 20:19:56,344 [Worker-91: ビルド] INFO  o.e.m.c.i.embedder.EclipseLogger - Copying 2 resources
2024-04-29 20:19:56,348 [Worker-91: ビルド] INFO  o.e.m.c.i.embedder.EclipseLogger - Using 'UTF-8' encoding to copy filtered resources.
2024-04-29 20:19:56,348 [Worker-91: ビルド] INFO  o.e.m.c.i.embedder.EclipseLogger - Copying 0 resource
2024-04-29 20:22:32,136 [Worker-104: ビルド] INFO  o.e.m.c.i.embedder.EclipseLogger - Using 'UTF-8' encoding to copy filtered resources.
2024-04-29 20:22:32,136 [Worker-104: ビルド] INFO  o.e.m.c.i.embedder.EclipseLogger - Copying 2 resources
2024-04-29 20:22:32,142 [Worker-104: ビルド] INFO  o.e.m.c.i.embedder.EclipseLogger - Using 'UTF-8' encoding to copy filtered resources.
2024-04-29 20:22:32,143 [Worker-104: ビルド] INFO  o.e.m.c.i.embedder.EclipseLogger - Copying 0 resource
2024-04-29 20:29:00,091 [Worker-106: ビルド] INFO  o.e.m.c.i.embedder.EclipseLogger - Using 'UTF-8' encoding to copy filtered resources.
2024-04-29 20:29:00,091 [Worker-106: ビルド] INFO  o.e.m.c.i.embedder.EclipseLogger - Copying 2 resources
2024-04-29 20:29:00,095 [Worker-106: ビルド] INFO  o.e.m.c.i.embedder.EclipseLogger - Using 'UTF-8' encoding to copy filtered resources.
2024-04-29 20:29:00,095 [Worker-106: ビルド] INFO  o.e.m.c.i.embedder.EclipseLogger - Copying 0 resource
2024-04-29 20:41:59,516 [Worker-110: ビルド] INFO  o.e.m.c.i.embedder.EclipseLogger - Using 'UTF-8' encoding to copy filtered resources.
2024-04-29 20:41:59,516 [Worker-110: ビルド] INFO  o.e.m.c.i.embedder.EclipseLogger - Copying 2 resources
2024-04-29 20:41:59,521 [Worker-110: ビルド] INFO  o.e.m.c.i.embedder.EclipseLogger - Using 'UTF-8' encoding to copy filtered resources.
2024-04-29 20:41:59,521 [Worker-110: ビルド] INFO  o.e.m.c.i.embedder.EclipseLogger - Copying 0 resource
2024-04-29 20:44:20,804 [Worker-108: ビルド] INFO  o.e.m.c.i.embedder.EclipseLogger - Using 'UTF-8' encoding to copy filtered resources.
2024-04-29 20:44:20,805 [Worker-108: ビルド] INFO  o.e.m.c.i.embedder.EclipseLogger - Copying 0 resource
2024-04-29 20:44:20,808 [Worker-108: ビルド] INFO  o.e.m.c.i.embedder.EclipseLogger - Using 'UTF-8' encoding to copy filtered resources.
2024-04-29 20:44:20,808 [Worker-108: ビルド] INFO  o.e.m.c.i.embedder.EclipseLogger - Copying 0 resource
2024-04-29 20:47:33,393 [Worker-109: ビルド] INFO  o.e.m.c.i.embedder.EclipseLogger - Using 'UTF-8' encoding to copy filtered resources.
2024-04-29 20:47:33,393 [Worker-109: ビルド] INFO  o.e.m.c.i.embedder.EclipseLogger - Copying 1 resource
2024-04-29 20:47:33,397 [Worker-109: ビルド] INFO  o.e.m.c.i.embedder.EclipseLogger - Using 'UTF-8' encoding to copy filtered resources.
2024-04-29 20:47:33,397 [Worker-109: ビルド] INFO  o.e.m.c.i.embedder.EclipseLogger - Copying 0 resource
2024-04-29 20:53:02,487 [Worker-109: ビルド] INFO  o.e.m.c.i.embedder.EclipseLogger - Using 'UTF-8' encoding to copy filtered resources.
2024-04-29 20:53:02,488 [Worker-109: ビルド] INFO  o.e.m.c.i.embedder.EclipseLogger - Copying 2 resources
2024-04-29 20:53:02,495 [Worker-109: ビルド] INFO  o.e.m.c.i.embedder.EclipseLogger - Using 'UTF-8' encoding to copy filtered resources.
2024-04-29 20:53:02,495 [Worker-109: ビルド] INFO  o.e.m.c.i.embedder.EclipseLogger - Copying 0 resource
2024-04-29 20:54:11,411 [Worker-112: ビルド] INFO  o.e.m.c.i.embedder.EclipseLogger - Using 'UTF-8' encoding to copy filtered resources.
2024-04-29 20:54:11,412 [Worker-112: ビルド] INFO  o.e.m.c.i.embedder.EclipseLogger - Copying 2 resources
2024-04-29 20:54:11,416 [Worker-112: ビルド] INFO  o.e.m.c.i.embedder.EclipseLogger - Using 'UTF-8' encoding to copy filtered resources.
2024-04-29 20:54:11,416 [Worker-112: ビルド] INFO  o.e.m.c.i.embedder.EclipseLogger - Copying 0 resource
2024-04-29 20:55:46,691 [Worker-108: ビルド] INFO  o.e.m.c.i.embedder.EclipseLogger - Using 'UTF-8' encoding to copy filtered resources.
2024-04-29 20:55:46,691 [Worker-108: ビルド] INFO  o.e.m.c.i.embedder.EclipseLogger - Copying 1 resource
2024-04-29 20:55:46,694 [Worker-108: ビルド] INFO  o.e.m.c.i.embedder.EclipseLogger - Using 'UTF-8' encoding to copy filtered resources.
2024-04-29 20:55:46,694 [Worker-108: ビルド] INFO  o.e.m.c.i.embedder.EclipseLogger - Copying 0 resource
2024-04-29 20:59:56,370 [Worker-119: ビルド] INFO  o.e.m.c.i.embedder.EclipseLogger - Using 'UTF-8' encoding to copy filtered resources.
2024-04-29 20:59:56,370 [Worker-119: ビルド] INFO  o.e.m.c.i.embedder.EclipseLogger - Copying 2 resources
2024-04-29 20:59:56,374 [Worker-119: ビルド] INFO  o.e.m.c.i.embedder.EclipseLogger - Using 'UTF-8' encoding to copy filtered resources.
2024-04-29 20:59:56,374 [Worker-119: ビルド] INFO  o.e.m.c.i.embedder.EclipseLogger - Copying 0 resource
2024-04-29 21:02:22,706 [Worker-118: ビルド] INFO  o.e.m.c.i.embedder.EclipseLogger - Using 'UTF-8' encoding to copy filtered resources.
2024-04-29 21:02:22,707 [Worker-118: ビルド] INFO  o.e.m.c.i.embedder.EclipseLogger - Copying 0 resource
2024-04-29 21:02:22,710 [Worker-118: ビルド] INFO  o.e.m.c.i.embedder.EclipseLogger - Using 'UTF-8' encoding to copy filtered resources.
2024-04-29 21:02:22,710 [Worker-118: ビルド] INFO  o.e.m.c.i.embedder.EclipseLogger - Copying 0 resource
2024-04-29 21:03:14,466 [Worker-118: ビルド] INFO  o.e.m.c.i.embedder.EclipseLogger - Using 'UTF-8' encoding to copy filtered resources.
2024-04-29 21:03:14,467 [Worker-118: ビルド] INFO  o.e.m.c.i.embedder.EclipseLogger - Copying 0 resource
2024-04-29 21:03:14,471 [Worker-118: ビルド] INFO  o.e.m.c.i.embedder.EclipseLogger - Using 'UTF-8' encoding to copy filtered resources.
2024-04-29 21:03:14,471 [Worker-118: ビルド] INFO  o.e.m.c.i.embedder.EclipseLogger - Copying 0 resource
2024-04-29 21:03:14,787 [Worker-118: ビルド] INFO  o.e.m.c.i.embedder.EclipseLogger - Using 'UTF-8' encoding to copy filtered resources.
2024-04-29 21:03:14,787 [Worker-118: ビルド] INFO  o.e.m.c.i.embedder.EclipseLogger - Copying 0 resource
2024-04-29 21:03:14,790 [Worker-118: ビルド] INFO  o.e.m.c.i.embedder.EclipseLogger - Using 'UTF-8' encoding to copy filtered resources.
2024-04-29 21:03:14,790 [Worker-118: ビルド] INFO  o.e.m.c.i.embedder.EclipseLogger - Copying 1 resource
2024-04-29 21:03:14,834 [Worker-118: ビルド] WARN  o.e.m.c.i.embedder.EclipseLogger - Using platform encoding (MS932 actually) to copy filtered resources, i.e. build is platform dependent!
2024-04-29 21:03:14,836 [Worker-118: ビルド] INFO  o.e.m.c.i.embedder.EclipseLogger - Copying 1 resource
2024-04-29 21:03:14,844 [Worker-118: ビルド] WARN  o.e.m.c.i.embedder.EclipseLogger - Using platform encoding (MS932 actually) to copy filtered resources, i.e. build is platform dependent!
2024-04-29 21:03:14,845 [Worker-118: ビルド] INFO  o.e.m.c.i.embedder.EclipseLogger - Copying 0 resource
2024-04-29 21:03:14,872 [Worker-118: ビルド] INFO  o.e.m.c.i.embedder.EclipseLogger - Using 'UTF-8' encoding to copy filtered resources.
2024-04-29 21:03:14,872 [Worker-118: ビルド] INFO  o.e.m.c.i.embedder.EclipseLogger - Copying 0 resource
2024-04-29 21:03:14,874 [Worker-118: ビルド] INFO  o.e.m.c.i.embedder.EclipseLogger - Using 'UTF-8' encoding to copy filtered resources.
2024-04-29 21:03:14,875 [Worker-118: ビルド] INFO  o.e.m.c.i.embedder.EclipseLogger - Copying 0 resource
2024-04-29 21:03:15,013 [Worker-118: ビルド] INFO  o.e.m.c.i.embedder.EclipseLogger - Using 'UTF-8' encoding to copy filtered resources.
2024-04-29 21:03:15,013 [Worker-118: ビルド] INFO  o.e.m.c.i.embedder.EclipseLogger - Copying 2 resources
2024-04-29 21:03:15,018 [Worker-118: ビルド] INFO  o.e.m.c.i.embedder.EclipseLogger - Using 'UTF-8' encoding to copy filtered resources.
2024-04-29 21:03:15,019 [Worker-118: ビルド] INFO  o.e.m.c.i.embedder.EclipseLogger - Copying 1 resource
2024-04-29 21:03:28,061 [Worker-113: Maven プロジェクトの更新中] INFO  o.e.m.c.i.p.ProjectConfigurationManager - Update started
2024-04-29 21:03:28,435 [Worker-113: Maven プロジェクトの更新中] INFO  o.e.m.c.i.l.LifecycleMappingFactory - Using NULL lifecycle mapping for MavenProject: vn.com.vti.bookshop:root:0.0.1-SNAPSHOT @ C:\Users\vytra\Documents\TAKUMI\shopping web 2\root\pom.xml.
2024-04-29 21:03:28,501 [Worker-113: Maven プロジェクトの更新中] INFO  o.e.m.c.i.l.LifecycleMappingFactory - Using org.eclipse.m2e.jdt.JarLifecycleMapping lifecycle mapping for MavenProject: vn.com.vti.bookshop:bookshop:0.0.1-SNAPSHOT @ C:\Users\vytra\Documents\TAKUMI\shopping web 2\root\bookshop\pom.xml.
2024-04-29 21:03:28,765 [Worker-113: Maven プロジェクトの更新中] INFO  o.e.m.c.i.p.WorkspaceClassifierResolverManager - Resolving P/web-common: vn.com.vti.bookshop:web-common:0.0.1-SNAPSHOT with classifier  to /web-common/target/classes
2024-04-29 21:03:28,765 [Worker-113: Maven プロジェクトの更新中] INFO  o.e.m.c.i.p.WorkspaceClassifierResolverManager - Resolving P/domain: vn.com.vti.bookshop:domain:0.0.1-SNAPSHOT with classifier  to /domain/target/classes
2024-04-29 21:03:28,766 [Worker-113: Maven プロジェクトの更新中] INFO  o.e.m.c.i.p.WorkspaceClassifierResolverManager - Resolving P/common: vn.com.vti.bookshop:common:0.0.1-SNAPSHOT with classifier  to /common/target/classes
2024-04-29 21:03:28,808 [Worker-113: Maven プロジェクトの更新中] INFO  o.e.m.c.i.l.LifecycleMappingFactory - Using org.eclipse.m2e.jdt.JarLifecycleMapping lifecycle mapping for MavenProject: vn.com.vti.bookshop:common:0.0.1-SNAPSHOT @ C:\Users\vytra\Documents\TAKUMI\shopping web 2\root\common\pom.xml.
2024-04-29 21:03:28,842 [Worker-113: Maven プロジェクトの更新中] INFO  o.e.m.c.i.l.LifecycleMappingFactory - Using org.eclipse.m2e.jdt.JarLifecycleMapping lifecycle mapping for MavenProject: vn.com.vti.bookshop:domain:0.0.1-SNAPSHOT @ C:\Users\vytra\Documents\TAKUMI\shopping web 2\root\domain\pom.xml.
2024-04-29 21:03:28,852 [Worker-113: Maven プロジェクトの更新中] INFO  o.e.m.c.i.p.WorkspaceClassifierResolverManager - Resolving P/common: vn.com.vti.bookshop:common:0.0.1-SNAPSHOT with classifier  to /common/target/classes
2024-04-29 21:03:28,892 [Worker-113: Maven プロジェクトの更新中] INFO  o.e.m.c.i.l.LifecycleMappingFactory - Using org.eclipse.m2e.jdt.JarLifecycleMapping lifecycle mapping for MavenProject: vn.com.vti.bookshop:web-common:0.0.1-SNAPSHOT @ C:\Users\vytra\Documents\TAKUMI\shopping web 2\root\web-common\pom.xml.
2024-04-29 21:03:28,899 [Worker-113: Maven プロジェクトの更新中] INFO  o.e.m.c.i.p.WorkspaceClassifierResolverManager - Resolving P/domain: vn.com.vti.bookshop:domain:0.0.1-SNAPSHOT with classifier  to /domain/target/classes
2024-04-29 21:03:28,900 [Worker-113: Maven プロジェクトの更新中] INFO  o.e.m.c.i.p.WorkspaceClassifierResolverManager - Resolving P/common: vn.com.vti.bookshop:common:0.0.1-SNAPSHOT with classifier  to /common/target/classes
2024-04-29 21:03:29,996 [Worker-113: Maven プロジェクトの更新中] INFO  o.e.m.j.i.AbstractJavaProjectConfigurator - Adding source folder /bookshop/src/main/java
2024-04-29 21:03:29,997 [Worker-113: Maven プロジェクトの更新中] INFO  o.e.m.j.i.AbstractJavaProjectConfigurator - Adding resource folder /bookshop/src/main/resources
2024-04-29 21:03:29,997 [Worker-113: Maven プロジェクトの更新中] INFO  o.e.m.j.i.AbstractJavaProjectConfigurator - Adding source folder /bookshop/src/test/java
2024-04-29 21:03:29,998 [Worker-113: Maven プロジェクトの更新中] INFO  o.e.m.j.i.AbstractJavaProjectConfigurator - Adding resource folder /bookshop/src/test/resources
2024-04-29 21:03:30,243 [Worker-113: Maven プロジェクトの更新中] INFO  o.e.m.j.i.AbstractJavaProjectConfigurator - Adding source folder /common/src/main/java
2024-04-29 21:03:30,244 [Worker-113: Maven プロジェクトの更新中] INFO  o.e.m.j.i.AbstractJavaProjectConfigurator - Adding resource folder /common/src/main/resources
2024-04-29 21:03:30,244 [Worker-113: Maven プロジェクトの更新中] INFO  o.e.m.j.i.AbstractJavaProjectConfigurator - Adding source folder /common/src/test/java
2024-04-29 21:03:30,244 [Worker-113: Maven プロジェクトの更新中] INFO  o.e.m.j.i.AbstractJavaProjectConfigurator - Adding resource folder /common/src/test/resources
2024-04-29 21:03:30,305 [Worker-113: Maven プロジェクトの更新中] INFO  o.e.m.j.i.AbstractJavaProjectConfigurator - Adding source folder /domain/src/main/java
2024-04-29 21:03:30,306 [Worker-113: Maven プロジェクトの更新中] INFO  o.e.m.j.i.AbstractJavaProjectConfigurator - Adding resource folder /domain/src/main/resources
2024-04-29 21:03:30,306 [Worker-113: Maven プロジェクトの更新中] INFO  o.e.m.j.i.AbstractJavaProjectConfigurator - Adding source folder /domain/src/test/java
2024-04-29 21:03:30,306 [Worker-113: Maven プロジェクトの更新中] INFO  o.e.m.j.i.AbstractJavaProjectConfigurator - Adding resource folder /domain/src/test/resources
2024-04-29 21:03:30,477 [Worker-113: Maven プロジェクトの更新中] INFO  o.e.m.j.i.AbstractJavaProjectConfigurator - Adding source folder /web-common/src/main/java
2024-04-29 21:03:30,477 [Worker-113: Maven プロジェクトの更新中] INFO  o.e.m.j.i.AbstractJavaProjectConfigurator - Adding resource folder /web-common/src/main/resources
2024-04-29 21:03:30,477 [Worker-113: Maven プロジェクトの更新中] INFO  o.e.m.j.i.AbstractJavaProjectConfigurator - Adding source folder /web-common/src/test/java
2024-04-29 21:03:30,477 [Worker-113: Maven プロジェクトの更新中] INFO  o.e.m.j.i.AbstractJavaProjectConfigurator - Adding resource folder /web-common/src/test/resources
2024-04-29 21:03:30,928 [Worker-113: Maven プロジェクトの更新中] INFO  o.e.m.c.i.p.ProjectConfigurationManager - Update completed for 5 poms: local refresh takes 0.00 sec, refresh facades takes 1.00 sec, update config takes 1.00 sec 
2024-04-29 21:03:31,083 [Worker-125: ビルド] INFO  o.e.m.c.i.embedder.EclipseLogger - Using 'UTF-8' encoding to copy filtered resources.
2024-04-29 21:03:31,083 [Worker-125: ビルド] INFO  o.e.m.c.i.embedder.EclipseLogger - Copying 0 resource
2024-04-29 21:03:31,087 [Worker-125: ビルド] INFO  o.e.m.c.i.embedder.EclipseLogger - Using 'UTF-8' encoding to copy filtered resources.
2024-04-29 21:03:31,088 [Worker-125: ビルド] INFO  o.e.m.c.i.embedder.EclipseLogger - Copying 0 resource
2024-04-29 21:03:31,842 [Worker-125: ビルド] INFO  o.e.m.c.i.embedder.EclipseLogger - Using 'UTF-8' encoding to copy filtered resources.
2024-04-29 21:03:31,843 [Worker-125: ビルド] INFO  o.e.m.c.i.embedder.EclipseLogger - Copying 0 resource
2024-04-29 21:03:31,844 [Worker-125: ビルド] INFO  o.e.m.c.i.embedder.EclipseLogger - Using 'UTF-8' encoding to copy filtered resources.
2024-04-29 21:03:31,845 [Worker-125: ビルド] INFO  o.e.m.c.i.embedder.EclipseLogger - Copying 1 resource
2024-04-29 21:03:31,884 [Worker-125: ビルド] INFO  o.e.m.c.i.embedder.EclipseLogger - Using 'UTF-8' encoding to copy filtered resources.
2024-04-29 21:03:31,884 [Worker-125: ビルド] INFO  o.e.m.c.i.embedder.EclipseLogger - Copying 0 resource
2024-04-29 21:03:31,888 [Worker-125: ビルド] INFO  o.e.m.c.i.embedder.EclipseLogger - Using 'UTF-8' encoding to copy filtered resources.
2024-04-29 21:03:31,888 [Worker-125: ビルド] INFO  o.e.m.c.i.embedder.EclipseLogger - Copying 0 resource
2024-04-29 21:03:32,049 [Worker-125: ビルド] INFO  o.e.m.c.i.embedder.EclipseLogger - Using 'UTF-8' encoding to copy filtered resources.
2024-04-29 21:03:32,049 [Worker-125: ビルド] INFO  o.e.m.c.i.embedder.EclipseLogger - Copying 2 resources
2024-04-29 21:03:32,072 [Worker-125: ビルド] INFO  o.e.m.c.i.embedder.EclipseLogger - Using 'UTF-8' encoding to copy filtered resources.
2024-04-29 21:03:32,073 [Worker-125: ビルド] INFO  o.e.m.c.i.embedder.EclipseLogger - Copying 1 resource
2024-04-29 21:03:45,896 [Worker-113: bookshop - App の起動] INFO  o.e.m.c.i.p.WorkspaceClassifierResolverManager - Resolving P/web-common: vn.com.vti.bookshop:web-common:0.0.1-SNAPSHOT with classifier null to /web-common/target/classes
2024-04-29 21:03:45,896 [Worker-113: bookshop - App の起動] INFO  o.e.m.c.i.p.WorkspaceClassifierResolverManager - Resolving P/domain: vn.com.vti.bookshop:domain:0.0.1-SNAPSHOT with classifier null to /domain/target/classes
2024-04-29 21:03:45,897 [Worker-113: bookshop - App の起動] INFO  o.e.m.c.i.p.WorkspaceClassifierResolverManager - Resolving P/common: vn.com.vti.bookshop:common:0.0.1-SNAPSHOT with classifier null to /common/target/classes
2024-04-29 21:06:15,195 [Worker-125: ビルド] INFO  o.e.m.c.i.embedder.EclipseLogger - Using 'UTF-8' encoding to copy filtered resources.
2024-04-29 21:06:15,197 [Worker-125: ビルド] INFO  o.e.m.c.i.embedder.EclipseLogger - Copying 2 resources
2024-04-29 21:06:15,201 [Worker-125: ビルド] INFO  o.e.m.c.i.embedder.EclipseLogger - Using 'UTF-8' encoding to copy filtered resources.
2024-04-29 21:06:15,201 [Worker-125: ビルド] INFO  o.e.m.c.i.embedder.EclipseLogger - Copying 0 resource
2024-04-29 21:06:27,268 [Worker-113: ビルド] INFO  o.e.m.c.i.embedder.EclipseLogger - Using 'UTF-8' encoding to copy filtered resources.
2024-04-29 21:06:27,269 [Worker-113: ビルド] INFO  o.e.m.c.i.embedder.EclipseLogger - Copying 2 resources
2024-04-29 21:06:27,273 [Worker-113: ビルド] INFO  o.e.m.c.i.embedder.EclipseLogger - Using 'UTF-8' encoding to copy filtered resources.
2024-04-29 21:06:27,273 [Worker-113: ビルド] INFO  o.e.m.c.i.embedder.EclipseLogger - Copying 0 resource
2024-04-29 21:17:31,847 [Worker-1: Loading available Gradle versions] INFO  o.e.b.c.i.u.g.PublishedGradleVersions - Gradle version information cache is up-to-date. Trying to read.
2024-04-29 21:18:22,191 [Worker-5: ビルド] INFO  o.e.m.c.i.p.WorkspaceClassifierResolverManager - Resolving P/web-common: vn.com.vti.bookshop:web-common:0.0.1-SNAPSHOT with classifier  to /web-common/target/classes
2024-04-29 21:18:22,193 [Worker-5: ビルド] INFO  o.e.m.c.i.p.WorkspaceClassifierResolverManager - Resolving P/domain: vn.com.vti.bookshop:domain:0.0.1-SNAPSHOT with classifier  to /domain/target/classes
2024-04-29 21:18:22,193 [Worker-5: ビルド] INFO  o.e.m.c.i.p.WorkspaceClassifierResolverManager - Resolving P/common: vn.com.vti.bookshop:common:0.0.1-SNAPSHOT with classifier  to /common/target/classes
2024-04-29 21:18:22,436 [Worker-5: ビルド] INFO  o.e.m.c.i.embedder.EclipseLogger - Using 'UTF-8' encoding to copy filtered resources.
2024-04-29 21:18:22,440 [Worker-5: ビルド] INFO  o.e.m.c.i.embedder.EclipseLogger - Copying 2 resources
2024-04-29 21:18:22,464 [Worker-5: ビルド] INFO  o.e.m.c.i.embedder.EclipseLogger - Using 'UTF-8' encoding to copy filtered resources.
2024-04-29 21:18:22,464 [Worker-5: ビルド] INFO  o.e.m.c.i.embedder.EclipseLogger - Copying 1 resource
2024-04-29 21:18:30,392 [Worker-13: bookshop - App の起動] INFO  o.e.m.c.i.p.WorkspaceClassifierResolverManager - Resolving P/web-common: vn.com.vti.bookshop:web-common:0.0.1-SNAPSHOT with classifier null to /web-common/target/classes
2024-04-29 21:18:30,393 [Worker-13: bookshop - App の起動] INFO  o.e.m.c.i.p.WorkspaceClassifierResolverManager - Resolving P/domain: vn.com.vti.bookshop:domain:0.0.1-SNAPSHOT with classifier null to /domain/target/classes
2024-04-29 21:18:30,394 [Worker-13: bookshop - App の起動] INFO  o.e.m.c.i.p.WorkspaceClassifierResolverManager - Resolving P/common: vn.com.vti.bookshop:common:0.0.1-SNAPSHOT with classifier null to /common/target/classes
2024-04-29 21:21:13,598 [Worker-0: ビルド] INFO  o.e.m.c.i.embedder.EclipseLogger - Using 'UTF-8' encoding to copy filtered resources.
2024-04-29 21:21:13,600 [Worker-0: ビルド] INFO  o.e.m.c.i.embedder.EclipseLogger - Copying 0 resource
2024-04-29 21:21:13,603 [Worker-0: ビルド] INFO  o.e.m.c.i.embedder.EclipseLogger - Using 'UTF-8' encoding to copy filtered resources.
2024-04-29 21:21:13,603 [Worker-0: ビルド] INFO  o.e.m.c.i.embedder.EclipseLogger - Copying 0 resource
2024-04-29 21:21:21,601 [Worker-9: ビルド] INFO  o.e.m.c.i.embedder.EclipseLogger - Using 'UTF-8' encoding to copy filtered resources.
2024-04-29 21:21:21,602 [Worker-9: ビルド] INFO  o.e.m.c.i.embedder.EclipseLogger - Copying 0 resource
2024-04-29 21:21:21,605 [Worker-9: ビルド] INFO  o.e.m.c.i.embedder.EclipseLogger - Using 'UTF-8' encoding to copy filtered resources.
2024-04-29 21:21:21,605 [Worker-9: ビルド] INFO  o.e.m.c.i.embedder.EclipseLogger - Copying 0 resource
2024-04-29 21:21:47,815 [Worker-5: ビルド] INFO  o.e.m.c.i.embedder.EclipseLogger - Using 'UTF-8' encoding to copy filtered resources.
2024-04-29 21:21:47,815 [Worker-5: ビルド] INFO  o.e.m.c.i.embedder.EclipseLogger - Copying 0 resource
2024-04-29 21:21:47,817 [Worker-5: ビルド] INFO  o.e.m.c.i.embedder.EclipseLogger - Using 'UTF-8' encoding to copy filtered resources.
2024-04-29 21:21:47,818 [Worker-5: ビルド] INFO  o.e.m.c.i.embedder.EclipseLogger - Copying 0 resource
2024-04-29 21:23:22,252 [Worker-9: ビルド] INFO  o.e.m.c.i.embedder.EclipseLogger - Using 'UTF-8' encoding to copy filtered resources.
2024-04-29 21:23:22,253 [Worker-9: ビルド] INFO  o.e.m.c.i.embedder.EclipseLogger - Copying 0 resource
2024-04-29 21:23:22,255 [Worker-9: ビルド] INFO  o.e.m.c.i.embedder.EclipseLogger - Using 'UTF-8' encoding to copy filtered resources.
2024-04-29 21:23:22,256 [Worker-9: ビルド] INFO  o.e.m.c.i.embedder.EclipseLogger - Copying 0 resource
2024-04-29 21:23:33,385 [Worker-9: ビルド] INFO  o.e.m.c.i.embedder.EclipseLogger - Using 'UTF-8' encoding to copy filtered resources.
2024-04-29 21:23:33,386 [Worker-9: ビルド] INFO  o.e.m.c.i.embedder.EclipseLogger - Copying 0 resource
2024-04-29 21:23:33,388 [Worker-9: ビルド] INFO  o.e.m.c.i.embedder.EclipseLogger - Using 'UTF-8' encoding to copy filtered resources.
2024-04-29 21:23:33,389 [Worker-9: ビルド] INFO  o.e.m.c.i.embedder.EclipseLogger - Copying 0 resource
2024-04-29 21:25:31,329 [Worker-9: ビルド] INFO  o.e.m.c.i.embedder.EclipseLogger - Using 'UTF-8' encoding to copy filtered resources.
2024-04-29 21:25:31,329 [Worker-9: ビルド] INFO  o.e.m.c.i.embedder.EclipseLogger - Copying 0 resource
2024-04-29 21:25:31,332 [Worker-9: ビルド] INFO  o.e.m.c.i.embedder.EclipseLogger - Using 'UTF-8' encoding to copy filtered resources.
2024-04-29 21:25:31,332 [Worker-9: ビルド] INFO  o.e.m.c.i.embedder.EclipseLogger - Copying 0 resource
2024-04-29 21:26:03,518 [Worker-0: ビルド] INFO  o.e.m.c.i.embedder.EclipseLogger - Using 'UTF-8' encoding to copy filtered resources.
2024-04-29 21:26:03,518 [Worker-0: ビルド] INFO  o.e.m.c.i.embedder.EclipseLogger - Copying 0 resource
2024-04-29 21:26:03,523 [Worker-0: ビルド] INFO  o.e.m.c.i.embedder.EclipseLogger - Using 'UTF-8' encoding to copy filtered resources.
2024-04-29 21:26:03,523 [Worker-0: ビルド] INFO  o.e.m.c.i.embedder.EclipseLogger - Copying 0 resource
2024-04-29 21:26:10,591 [Worker-10: ビルド] INFO  o.e.m.c.i.embedder.EclipseLogger - Using 'UTF-8' encoding to copy filtered resources.
2024-04-29 21:26:10,591 [Worker-10: ビルド] INFO  o.e.m.c.i.embedder.EclipseLogger - Copying 0 resource
2024-04-29 21:26:10,594 [Worker-10: ビルド] INFO  o.e.m.c.i.embedder.EclipseLogger - Using 'UTF-8' encoding to copy filtered resources.
2024-04-29 21:26:10,595 [Worker-10: ビルド] INFO  o.e.m.c.i.embedder.EclipseLogger - Copying 0 resource
2024-04-29 21:26:31,957 [Worker-17: ビルド] INFO  o.e.m.c.i.embedder.EclipseLogger - Using 'UTF-8' encoding to copy filtered resources.
2024-04-29 21:26:31,958 [Worker-17: ビルド] INFO  o.e.m.c.i.embedder.EclipseLogger - Copying 0 resource
2024-04-29 21:26:31,960 [Worker-17: ビルド] INFO  o.e.m.c.i.embedder.EclipseLogger - Using 'UTF-8' encoding to copy filtered resources.
2024-04-29 21:26:31,960 [Worker-17: ビルド] INFO  o.e.m.c.i.embedder.EclipseLogger - Copying 0 resource
2024-04-29 21:27:53,221 [Worker-3: ビルド] INFO  o.e.m.c.i.embedder.EclipseLogger - Using 'UTF-8' encoding to copy filtered resources.
2024-04-29 21:27:53,221 [Worker-3: ビルド] INFO  o.e.m.c.i.embedder.EclipseLogger - Copying 0 resource
2024-04-29 21:27:53,224 [Worker-3: ビルド] INFO  o.e.m.c.i.embedder.EclipseLogger - Using 'UTF-8' encoding to copy filtered resources.
2024-04-29 21:27:53,225 [Worker-3: ビルド] INFO  o.e.m.c.i.embedder.EclipseLogger - Copying 0 resource
2024-04-29 21:30:08,147 [Worker-0: ビルド] INFO  o.e.m.c.i.embedder.EclipseLogger - Using 'UTF-8' encoding to copy filtered resources.
2024-04-29 21:30:08,147 [Worker-0: ビルド] INFO  o.e.m.c.i.embedder.EclipseLogger - Copying 0 resource
2024-04-29 21:30:08,152 [Worker-0: ビルド] INFO  o.e.m.c.i.embedder.EclipseLogger - Using 'UTF-8' encoding to copy filtered resources.
2024-04-29 21:30:08,152 [Worker-0: ビルド] INFO  o.e.m.c.i.embedder.EclipseLogger - Copying 0 resource
2024-04-29 21:30:23,183 [Worker-10: ビルド] INFO  o.e.m.c.i.embedder.EclipseLogger - Using 'UTF-8' encoding to copy filtered resources.
2024-04-29 21:30:23,184 [Worker-10: ビルド] INFO  o.e.m.c.i.embedder.EclipseLogger - Copying 0 resource
2024-04-29 21:30:23,186 [Worker-10: ビルド] INFO  o.e.m.c.i.embedder.EclipseLogger - Using 'UTF-8' encoding to copy filtered resources.
2024-04-29 21:30:23,186 [Worker-10: ビルド] INFO  o.e.m.c.i.embedder.EclipseLogger - Copying 0 resource
2024-04-29 21:30:58,718 [Worker-3: ビルド] INFO  o.e.m.c.i.embedder.EclipseLogger - Using 'UTF-8' encoding to copy filtered resources.
2024-04-29 21:30:58,718 [Worker-3: ビルド] INFO  o.e.m.c.i.embedder.EclipseLogger - Copying 0 resource
2024-04-29 21:30:58,721 [Worker-3: ビルド] INFO  o.e.m.c.i.embedder.EclipseLogger - Using 'UTF-8' encoding to copy filtered resources.
2024-04-29 21:30:58,721 [Worker-3: ビルド] INFO  o.e.m.c.i.embedder.EclipseLogger - Copying 0 resource
2024-04-29 21:31:01,099 [Worker-17: ビルド] INFO  o.e.m.c.i.embedder.EclipseLogger - Using 'UTF-8' encoding to copy filtered resources.
2024-04-29 21:31:01,100 [Worker-17: ビルド] INFO  o.e.m.c.i.embedder.EclipseLogger - Copying 0 resource
2024-04-29 21:31:01,102 [Worker-17: ビルド] INFO  o.e.m.c.i.embedder.EclipseLogger - Using 'UTF-8' encoding to copy filtered resources.
2024-04-29 21:31:01,102 [Worker-17: ビルド] INFO  o.e.m.c.i.embedder.EclipseLogger - Copying 0 resource
2024-04-29 21:33:03,435 [Worker-0: ビルド] INFO  o.e.m.c.i.embedder.EclipseLogger - Using 'UTF-8' encoding to copy filtered resources.
2024-04-29 21:33:03,435 [Worker-0: ビルド] INFO  o.e.m.c.i.embedder.EclipseLogger - Copying 0 resource
2024-04-29 21:33:03,439 [Worker-0: ビルド] INFO  o.e.m.c.i.embedder.EclipseLogger - Using 'UTF-8' encoding to copy filtered resources.
2024-04-29 21:33:03,440 [Worker-0: ビルド] INFO  o.e.m.c.i.embedder.EclipseLogger - Copying 0 resource
2024-04-29 21:33:34,093 [Worker-10: ビルド] INFO  o.e.m.c.i.embedder.EclipseLogger - Using 'UTF-8' encoding to copy filtered resources.
2024-04-29 21:33:34,093 [Worker-10: ビルド] INFO  o.e.m.c.i.embedder.EclipseLogger - Copying 0 resource
2024-04-29 21:33:34,095 [Worker-10: ビルド] INFO  o.e.m.c.i.embedder.EclipseLogger - Using 'UTF-8' encoding to copy filtered resources.
2024-04-29 21:33:34,095 [Worker-10: ビルド] INFO  o.e.m.c.i.embedder.EclipseLogger - Copying 0 resource
2024-04-29 21:33:48,017 [Worker-3: ビルド] INFO  o.e.m.c.i.embedder.EclipseLogger - Using 'UTF-8' encoding to copy filtered resources.
2024-04-29 21:33:48,018 [Worker-3: ビルド] INFO  o.e.m.c.i.embedder.EclipseLogger - Copying 0 resource
2024-04-29 21:33:48,020 [Worker-3: ビルド] INFO  o.e.m.c.i.embedder.EclipseLogger - Using 'UTF-8' encoding to copy filtered resources.
2024-04-29 21:33:48,021 [Worker-3: ビルド] INFO  o.e.m.c.i.embedder.EclipseLogger - Copying 0 resource
2024-04-29 21:34:11,732 [Worker-10: ビルド] INFO  o.e.m.c.i.embedder.EclipseLogger - Using 'UTF-8' encoding to copy filtered resources.
2024-04-29 21:34:11,732 [Worker-10: ビルド] INFO  o.e.m.c.i.embedder.EclipseLogger - Copying 0 resource
2024-04-29 21:34:11,736 [Worker-10: ビルド] INFO  o.e.m.c.i.embedder.EclipseLogger - Using 'UTF-8' encoding to copy filtered resources.
2024-04-29 21:34:11,736 [Worker-10: ビルド] INFO  o.e.m.c.i.embedder.EclipseLogger - Copying 0 resource
2024-04-29 21:35:17,252 [Worker-17: ビルド] INFO  o.e.m.c.i.embedder.EclipseLogger - Using 'UTF-8' encoding to copy filtered resources.
2024-04-29 21:35:17,253 [Worker-17: ビルド] INFO  o.e.m.c.i.embedder.EclipseLogger - Copying 0 resource
2024-04-29 21:35:17,257 [Worker-17: ビルド] INFO  o.e.m.c.i.embedder.EclipseLogger - Using 'UTF-8' encoding to copy filtered resources.
2024-04-29 21:35:17,257 [Worker-17: ビルド] INFO  o.e.m.c.i.embedder.EclipseLogger - Copying 0 resource
2024-04-29 21:36:28,434 [Worker-9: ビルド] INFO  o.e.m.c.i.embedder.EclipseLogger - Using 'UTF-8' encoding to copy filtered resources.
2024-04-29 21:36:28,434 [Worker-9: ビルド] INFO  o.e.m.c.i.embedder.EclipseLogger - Copying 0 resource
2024-04-29 21:36:28,437 [Worker-9: ビルド] INFO  o.e.m.c.i.embedder.EclipseLogger - Using 'UTF-8' encoding to copy filtered resources.
2024-04-29 21:36:28,437 [Worker-9: ビルド] INFO  o.e.m.c.i.embedder.EclipseLogger - Copying 0 resource
2024-04-29 21:36:50,044 [Worker-19: ビルド] INFO  o.e.m.c.i.embedder.EclipseLogger - Using 'UTF-8' encoding to copy filtered resources.
2024-04-29 21:36:50,044 [Worker-19: ビルド] INFO  o.e.m.c.i.embedder.EclipseLogger - Copying 0 resource
2024-04-29 21:36:50,046 [Worker-19: ビルド] INFO  o.e.m.c.i.embedder.EclipseLogger - Using 'UTF-8' encoding to copy filtered resources.
2024-04-29 21:36:50,046 [Worker-19: ビルド] INFO  o.e.m.c.i.embedder.EclipseLogger - Copying 0 resource
2024-04-29 21:37:42,159 [Worker-0: ビルド] INFO  o.e.m.c.i.embedder.EclipseLogger - Using 'UTF-8' encoding to copy filtered resources.
2024-04-29 21:37:42,159 [Worker-0: ビルド] INFO  o.e.m.c.i.embedder.EclipseLogger - Copying 0 resource
2024-04-29 21:37:42,163 [Worker-0: ビルド] INFO  o.e.m.c.i.embedder.EclipseLogger - Using 'UTF-8' encoding to copy filtered resources.
2024-04-29 21:37:42,163 [Worker-0: ビルド] INFO  o.e.m.c.i.embedder.EclipseLogger - Copying 0 resource
2024-04-29 21:38:37,766 [Worker-9: ビルド] INFO  o.e.m.c.i.embedder.EclipseLogger - Using 'UTF-8' encoding to copy filtered resources.
2024-04-29 21:38:37,766 [Worker-9: ビルド] INFO  o.e.m.c.i.embedder.EclipseLogger - Copying 0 resource
2024-04-29 21:38:37,768 [Worker-9: ビルド] INFO  o.e.m.c.i.embedder.EclipseLogger - Using 'UTF-8' encoding to copy filtered resources.
2024-04-29 21:38:37,768 [Worker-9: ビルド] INFO  o.e.m.c.i.embedder.EclipseLogger - Copying 0 resource
2024-04-29 21:39:01,258 [Worker-19: ビルド] INFO  o.e.m.c.i.embedder.EclipseLogger - Using 'UTF-8' encoding to copy filtered resources.
2024-04-29 21:39:01,258 [Worker-19: ビルド] INFO  o.e.m.c.i.embedder.EclipseLogger - Copying 0 resource
2024-04-29 21:39:01,260 [Worker-19: ビルド] INFO  o.e.m.c.i.embedder.EclipseLogger - Using 'UTF-8' encoding to copy filtered resources.
2024-04-29 21:39:01,260 [Worker-19: ビルド] INFO  o.e.m.c.i.embedder.EclipseLogger - Copying 0 resource
2024-04-29 21:40:13,796 [Worker-9: ビルド] INFO  o.e.m.c.i.embedder.EclipseLogger - Using 'UTF-8' encoding to copy filtered resources.
2024-04-29 21:40:13,796 [Worker-9: ビルド] INFO  o.e.m.c.i.embedder.EclipseLogger - Copying 0 resource
2024-04-29 21:40:13,798 [Worker-9: ビルド] INFO  o.e.m.c.i.embedder.EclipseLogger - Using 'UTF-8' encoding to copy filtered resources.
2024-04-29 21:40:13,799 [Worker-9: ビルド] INFO  o.e.m.c.i.embedder.EclipseLogger - Copying 0 resource
2024-04-29 21:40:29,144 [Worker-18: ビルド] INFO  o.e.m.c.i.embedder.EclipseLogger - Using 'UTF-8' encoding to copy filtered resources.
2024-04-29 21:40:29,144 [Worker-18: ビルド] INFO  o.e.m.c.i.embedder.EclipseLogger - Copying 0 resource
2024-04-29 21:40:29,146 [Worker-18: ビルド] INFO  o.e.m.c.i.embedder.EclipseLogger - Using 'UTF-8' encoding to copy filtered resources.
2024-04-29 21:40:29,146 [Worker-18: ビルド] INFO  o.e.m.c.i.embedder.EclipseLogger - Copying 0 resource
2024-04-29 21:40:41,352 [Worker-10: ビルド] INFO  o.e.m.c.i.embedder.EclipseLogger - Using 'UTF-8' encoding to copy filtered resources.
2024-04-29 21:40:41,353 [Worker-10: ビルド] INFO  o.e.m.c.i.embedder.EclipseLogger - Copying 0 resource
2024-04-29 21:40:41,354 [Worker-10: ビルド] INFO  o.e.m.c.i.embedder.EclipseLogger - Using 'UTF-8' encoding to copy filtered resources.
2024-04-29 21:40:41,355 [Worker-10: ビルド] INFO  o.e.m.c.i.embedder.EclipseLogger - Copying 0 resource
2024-04-29 21:41:21,631 [Worker-19: ビルド] INFO  o.e.m.c.i.embedder.EclipseLogger - Using 'UTF-8' encoding to copy filtered resources.
2024-04-29 21:41:21,631 [Worker-19: ビルド] INFO  o.e.m.c.i.embedder.EclipseLogger - Copying 0 resource
2024-04-29 21:41:21,635 [Worker-19: ビルド] INFO  o.e.m.c.i.embedder.EclipseLogger - Using 'UTF-8' encoding to copy filtered resources.
2024-04-29 21:41:21,635 [Worker-19: ビルド] INFO  o.e.m.c.i.embedder.EclipseLogger - Copying 0 resource
2024-04-29 21:42:18,180 [Worker-9: ビルド] INFO  o.e.m.c.i.embedder.EclipseLogger - Using 'UTF-8' encoding to copy filtered resources.
2024-04-29 21:42:18,180 [Worker-9: ビルド] INFO  o.e.m.c.i.embedder.EclipseLogger - Copying 0 resource
2024-04-29 21:42:18,183 [Worker-9: ビルド] INFO  o.e.m.c.i.embedder.EclipseLogger - Using 'UTF-8' encoding to copy filtered resources.
2024-04-29 21:42:18,183 [Worker-9: ビルド] INFO  o.e.m.c.i.embedder.EclipseLogger - Copying 0 resource
2024-04-29 21:42:40,860 [Worker-18: ビルド] INFO  o.e.m.c.i.embedder.EclipseLogger - Using 'UTF-8' encoding to copy filtered resources.
2024-04-29 21:42:40,861 [Worker-18: ビルド] INFO  o.e.m.c.i.embedder.EclipseLogger - Copying 0 resource
2024-04-29 21:42:40,868 [Worker-18: ビルド] INFO  o.e.m.c.i.embedder.EclipseLogger - Using 'UTF-8' encoding to copy filtered resources.
2024-04-29 21:42:40,869 [Worker-18: ビルド] INFO  o.e.m.c.i.embedder.EclipseLogger - Copying 0 resource
2024-04-29 21:42:43,997 [Worker-19: ビルド] INFO  o.e.m.c.i.embedder.EclipseLogger - Using 'UTF-8' encoding to copy filtered resources.
2024-04-29 21:42:43,997 [Worker-19: ビルド] INFO  o.e.m.c.i.embedder.EclipseLogger - Copying 0 resource
2024-04-29 21:42:43,999 [Worker-19: ビルド] INFO  o.e.m.c.i.embedder.EclipseLogger - Using 'UTF-8' encoding to copy filtered resources.
2024-04-29 21:42:44,000 [Worker-19: ビルド] INFO  o.e.m.c.i.embedder.EclipseLogger - Copying 0 resource
2024-04-29 21:43:09,386 [Worker-18: ビルド] INFO  o.e.m.c.i.embedder.EclipseLogger - Using 'UTF-8' encoding to copy filtered resources.
2024-04-29 21:43:09,387 [Worker-18: ビルド] INFO  o.e.m.c.i.embedder.EclipseLogger - Copying 0 resource
2024-04-29 21:43:09,389 [Worker-18: ビルド] INFO  o.e.m.c.i.embedder.EclipseLogger - Using 'UTF-8' encoding to copy filtered resources.
2024-04-29 21:43:09,389 [Worker-18: ビルド] INFO  o.e.m.c.i.embedder.EclipseLogger - Copying 0 resource
2024-04-29 21:44:48,009 [Worker-20: ビルド] INFO  o.e.m.c.i.embedder.EclipseLogger - Using 'UTF-8' encoding to copy filtered resources.
2024-04-29 21:44:48,009 [Worker-20: ビルド] INFO  o.e.m.c.i.embedder.EclipseLogger - Copying 0 resource
2024-04-29 21:44:48,012 [Worker-20: ビルド] INFO  o.e.m.c.i.embedder.EclipseLogger - Using 'UTF-8' encoding to copy filtered resources.
2024-04-29 21:44:48,012 [Worker-20: ビルド] INFO  o.e.m.c.i.embedder.EclipseLogger - Copying 0 resource
2024-04-29 21:45:04,064 [Worker-10: ビルド] INFO  o.e.m.c.i.embedder.EclipseLogger - Using 'UTF-8' encoding to copy filtered resources.
2024-04-29 21:45:04,064 [Worker-10: ビルド] INFO  o.e.m.c.i.embedder.EclipseLogger - Copying 0 resource
2024-04-29 21:45:04,066 [Worker-10: ビルド] INFO  o.e.m.c.i.embedder.EclipseLogger - Using 'UTF-8' encoding to copy filtered resources.
2024-04-29 21:45:04,066 [Worker-10: ビルド] INFO  o.e.m.c.i.embedder.EclipseLogger - Copying 0 resource
2024-04-29 21:45:37,072 [Worker-19: ビルド] INFO  o.e.m.c.i.embedder.EclipseLogger - Using 'UTF-8' encoding to copy filtered resources.
2024-04-29 21:45:37,072 [Worker-19: ビルド] INFO  o.e.m.c.i.embedder.EclipseLogger - Copying 0 resource
2024-04-29 21:45:37,075 [Worker-19: ビルド] INFO  o.e.m.c.i.embedder.EclipseLogger - Using 'UTF-8' encoding to copy filtered resources.
2024-04-29 21:45:37,076 [Worker-19: ビルド] INFO  o.e.m.c.i.embedder.EclipseLogger - Copying 0 resource
2024-04-29 21:47:28,011 [Worker-10: ビルド] INFO  o.e.m.c.i.embedder.EclipseLogger - Using 'UTF-8' encoding to copy filtered resources.
2024-04-29 21:47:28,012 [Worker-10: ビルド] INFO  o.e.m.c.i.embedder.EclipseLogger - Copying 0 resource
2024-04-29 21:47:28,015 [Worker-10: ビルド] INFO  o.e.m.c.i.embedder.EclipseLogger - Using 'UTF-8' encoding to copy filtered resources.
2024-04-29 21:47:28,016 [Worker-10: ビルド] INFO  o.e.m.c.i.embedder.EclipseLogger - Copying 0 resource
2024-04-29 21:47:37,244 [Worker-19: ビルド] INFO  o.e.m.c.i.embedder.EclipseLogger - Using 'UTF-8' encoding to copy filtered resources.
2024-04-29 21:47:37,244 [Worker-19: ビルド] INFO  o.e.m.c.i.embedder.EclipseLogger - Copying 0 resource
2024-04-29 21:47:37,246 [Worker-19: ビルド] INFO  o.e.m.c.i.embedder.EclipseLogger - Using 'UTF-8' encoding to copy filtered resources.
2024-04-29 21:47:37,247 [Worker-19: ビルド] INFO  o.e.m.c.i.embedder.EclipseLogger - Copying 0 resource
2024-04-29 21:50:00,687 [Worker-10: ビルド] INFO  o.e.m.c.i.embedder.EclipseLogger - Using 'UTF-8' encoding to copy filtered resources.
2024-04-29 21:50:00,687 [Worker-10: ビルド] INFO  o.e.m.c.i.embedder.EclipseLogger - Copying 0 resource
2024-04-29 21:50:00,689 [Worker-10: ビルド] INFO  o.e.m.c.i.embedder.EclipseLogger - Using 'UTF-8' encoding to copy filtered resources.
2024-04-29 21:50:00,690 [Worker-10: ビルド] INFO  o.e.m.c.i.embedder.EclipseLogger - Copying 0 resource
2024-04-29 21:50:40,637 [Worker-10: ビルド] INFO  o.e.m.c.i.embedder.EclipseLogger - Using 'UTF-8' encoding to copy filtered resources.
2024-04-29 21:50:40,637 [Worker-10: ビルド] INFO  o.e.m.c.i.embedder.EclipseLogger - Copying 0 resource
2024-04-29 21:50:40,640 [Worker-10: ビルド] INFO  o.e.m.c.i.embedder.EclipseLogger - Using 'UTF-8' encoding to copy filtered resources.
2024-04-29 21:50:40,640 [Worker-10: ビルド] INFO  o.e.m.c.i.embedder.EclipseLogger - Copying 0 resource
2024-04-29 21:52:26,102 [Worker-19: ビルド] INFO  o.e.m.c.i.embedder.EclipseLogger - Using 'UTF-8' encoding to copy filtered resources.
2024-04-29 21:52:26,103 [Worker-19: ビルド] INFO  o.e.m.c.i.embedder.EclipseLogger - Copying 0 resource
2024-04-29 21:52:26,106 [Worker-19: ビルド] INFO  o.e.m.c.i.embedder.EclipseLogger - Using 'UTF-8' encoding to copy filtered resources.
2024-04-29 21:52:26,106 [Worker-19: ビルド] INFO  o.e.m.c.i.embedder.EclipseLogger - Copying 0 resource
2024-04-29 21:53:25,266 [Worker-21: ビルド] INFO  o.e.m.c.i.embedder.EclipseLogger - Using 'UTF-8' encoding to copy filtered resources.
2024-04-29 21:53:25,267 [Worker-21: ビルド] INFO  o.e.m.c.i.embedder.EclipseLogger - Copying 0 resource
2024-04-29 21:53:25,269 [Worker-21: ビルド] INFO  o.e.m.c.i.embedder.EclipseLogger - Using 'UTF-8' encoding to copy filtered resources.
2024-04-29 21:53:25,269 [Worker-21: ビルド] INFO  o.e.m.c.i.embedder.EclipseLogger - Copying 0 resource
2024-04-29 21:53:36,415 [Worker-21: ビルド] INFO  o.e.m.c.i.embedder.EclipseLogger - Using 'UTF-8' encoding to copy filtered resources.
2024-04-29 21:53:36,415 [Worker-21: ビルド] INFO  o.e.m.c.i.embedder.EclipseLogger - Copying 0 resource
2024-04-29 21:53:36,418 [Worker-21: ビルド] INFO  o.e.m.c.i.embedder.EclipseLogger - Using 'UTF-8' encoding to copy filtered resources.
2024-04-29 21:53:36,419 [Worker-21: ビルド] INFO  o.e.m.c.i.embedder.EclipseLogger - Copying 0 resource
2024-04-29 21:53:57,165 [Worker-23: ビルド] INFO  o.e.m.c.i.embedder.EclipseLogger - Using 'UTF-8' encoding to copy filtered resources.
2024-04-29 21:53:57,166 [Worker-23: ビルド] INFO  o.e.m.c.i.embedder.EclipseLogger - Copying 0 resource
2024-04-29 21:53:57,168 [Worker-23: ビルド] INFO  o.e.m.c.i.embedder.EclipseLogger - Using 'UTF-8' encoding to copy filtered resources.
2024-04-29 21:53:57,168 [Worker-23: ビルド] INFO  o.e.m.c.i.embedder.EclipseLogger - Copying 0 resource
2024-04-29 21:54:12,115 [Worker-9: ビルド] INFO  o.e.m.c.i.embedder.EclipseLogger - Using 'UTF-8' encoding to copy filtered resources.
2024-04-29 21:54:12,116 [Worker-9: ビルド] INFO  o.e.m.c.i.embedder.EclipseLogger - Copying 0 resource
2024-04-29 21:54:12,120 [Worker-9: ビルド] INFO  o.e.m.c.i.embedder.EclipseLogger - Using 'UTF-8' encoding to copy filtered resources.
2024-04-29 21:54:12,120 [Worker-9: ビルド] INFO  o.e.m.c.i.embedder.EclipseLogger - Copying 0 resource
2024-04-29 21:54:27,813 [Worker-23: ビルド] INFO  o.e.m.c.i.embedder.EclipseLogger - Using 'UTF-8' encoding to copy filtered resources.
2024-04-29 21:54:27,814 [Worker-23: ビルド] INFO  o.e.m.c.i.embedder.EclipseLogger - Copying 0 resource
2024-04-29 21:54:27,818 [Worker-23: ビルド] INFO  o.e.m.c.i.embedder.EclipseLogger - Using 'UTF-8' encoding to copy filtered resources.
2024-04-29 21:54:27,818 [Worker-23: ビルド] INFO  o.e.m.c.i.embedder.EclipseLogger - Copying 0 resource
2024-04-29 21:54:42,312 [Worker-21: ビルド] INFO  o.e.m.c.i.embedder.EclipseLogger - Using 'UTF-8' encoding to copy filtered resources.
2024-04-29 21:54:42,313 [Worker-21: ビルド] INFO  o.e.m.c.i.embedder.EclipseLogger - Copying 0 resource
2024-04-29 21:54:42,319 [Worker-21: ビルド] INFO  o.e.m.c.i.embedder.EclipseLogger - Using 'UTF-8' encoding to copy filtered resources.
2024-04-29 21:54:42,320 [Worker-21: ビルド] INFO  o.e.m.c.i.embedder.EclipseLogger - Copying 0 resource
2024-04-29 21:55:08,822 [Worker-22: ビルド] INFO  o.e.m.c.i.embedder.EclipseLogger - Using 'UTF-8' encoding to copy filtered resources.
2024-04-29 21:55:08,822 [Worker-22: ビルド] INFO  o.e.m.c.i.embedder.EclipseLogger - Copying 0 resource
2024-04-29 21:55:08,825 [Worker-22: ビルド] INFO  o.e.m.c.i.embedder.EclipseLogger - Using 'UTF-8' encoding to copy filtered resources.
2024-04-29 21:55:08,826 [Worker-22: ビルド] INFO  o.e.m.c.i.embedder.EclipseLogger - Copying 0 resource
2024-04-29 21:55:23,760 [Worker-9: ビルド] INFO  o.e.m.c.i.embedder.EclipseLogger - Using 'UTF-8' encoding to copy filtered resources.
2024-04-29 21:55:23,761 [Worker-9: ビルド] INFO  o.e.m.c.i.embedder.EclipseLogger - Copying 0 resource
2024-04-29 21:55:23,763 [Worker-9: ビルド] INFO  o.e.m.c.i.embedder.EclipseLogger - Using 'UTF-8' encoding to copy filtered resources.
2024-04-29 21:55:23,764 [Worker-9: ビルド] INFO  o.e.m.c.i.embedder.EclipseLogger - Copying 0 resource
